PS C:\Users\pepeng> kubectl logs kruise-daemon-win19-hbl7m -n kruise-system
I0207 00:01:51.271866    7744 feature_gate.go:249] feature gates: &{map[ImagePullJobGate:true]}
I0207 00:01:52.486593    7744 daemon.go:101] "Starting daemon" nodeName="akswin19000000"
I0207 00:01:52.488581    7744 cri_windows.go:54] "Connecting to image service using dummy CRI Image Client" endpoint="npipe://./pipe/containerd-containerd"
I0207 00:01:52.491468    7744 remote_runtime.go:80] "Connecting to runtime service" endpoint="npipe://./pipe/containerd-containerd"
I0207 00:01:52.492750    7744 clientconn.go:305] "[core] [Channel #1]Channel created\n"
I0207 00:01:52.492750    7744 logging.go:39] "[core] [Channel #1]original dial target is: \"//./pipe/containerd-containerd\"\n"
I0207 00:01:52.493277    7744 logging.go:39] "[core] [Channel #1]parsed dial target is: resolver.Target{URL:url.URL{Scheme:\"\", Opaque:\"\", User:(*url.Userinfo)(nil), Host:\".\", Path:\"/pipe/containerd-containerd\", RawPath:\"\", OmitHost:false, ForceQuery:false, RawQuery:\"\", Fragment:\"\", RawFragment:\"\"}}\n"
I0207 00:01:52.493325    7744 logging.go:39] "[core] [Channel #1]fallback to scheme \"passthrough\"\n"
I0207 00:01:52.493359    7744 logging.go:39] "[core] [Channel #1]parsed dial target is: passthrough://///./pipe/containerd-containerd\n"
I0207 00:01:52.493389    7744 logging.go:39] "[core] [Channel #1]Channel authority set to \"%2F%2F.%2Fpipe%2Fcontainerd-containerd\"\n"
I0207 00:01:52.494980    7744 logging.go:39] "[core] [Channel #1]Resolver state updated: {\n  \"Addresses\": [\n    {\n      \"Addr\": \"//./pipe/containerd-containerd\",\n      \"ServerName\": \"\",\n      \"Attributes\": null,\n      \"BalancerAttributes\": null,\n      \"Metadata\": null\n    }\n  ],\n  \"Endpoints\": [\n    {\n      \"Addresses\": [\n        {\n          \"Addr\": \"//./pipe/containerd-containerd\",\n          \"ServerName\": \"\",\n          \"Attributes\": null,\n          \"BalancerAttributes\": null,\n          \"Metadata\": null\n        }\n      ],\n      \"Attributes\": null\n    }\n  ],\n  \"ServiceConfig\": null,\n  \"Attributes\": null\n} (resolver returned new addresses)\n"
I0207 00:01:52.494980    7744 logging.go:39] "[core] [Channel #1]Channel switches to new LB policy \"pick_first\"\n"
I0207 00:01:52.495830    7744 pickfirst.go:123] "[core] [pick-first-lb 0xc0006500f0] Received new config {\n  \"shuffleAddressList\": false\n}, resolver state {\n  \"Addresses\": [\n    {\n      \"Addr\": \"//./pipe/containerd-containerd\",\n      \"ServerName\": \"\",\n      \"Attributes\": null,\n      \"BalancerAttributes\": null,\n      \"Metadata\": null\n    }\n  ],\n  \"Endpoints\": [\n    {\n      \"Addresses\": [\n        {\n          \"Addr\": \"//./pipe/containerd-containerd\",\n          \"ServerName\": \"\",\n          \"Attributes\": null,\n          \"BalancerAttributes\": null,\n          \"Metadata\": null\n        }\n      ],\n      \"Attributes\": null\n    }\n  ],\n  \"ServiceConfig\": null,\n  \"Attributes\": null\n}\n"
I0207 00:01:52.496450    7744 clientconn.go:846] "[core] [<nil> SubChannel #2]Subchannel created\n"
I0207 00:01:52.496450    7744 logging.go:39] "[core] [Channel #1]Channel Connectivity change to CONNECTING\n"
I0207 00:01:52.496450    7744 clientconn.go:305] "[core] [Channel #1]Channel exiting idle mode\n"
I0207 00:01:52.496450    7744 logging.go:39] "[core] [<nil> SubChannel #2]Subchannel Connectivity change to CONNECTING\n"
I0207 00:01:52.496450    7744 logging.go:39] "[core] [<nil> SubChannel #2]Subchannel picks a new address \"//./pipe/containerd-containerd\" to connect\n"
I0207 00:01:52.496450    7744 pickfirst.go:166] "[core] [pick-first-lb 0xc0006500f0] Received SubConn state update: 0xc000650180, {ConnectivityState:CONNECTING ConnectionError:<nil>}\n"
I0207 00:01:52.496450    7744 remote_runtime.go:136] "Validating the CRI v1 API runtime version"
I0207 00:01:52.497727    7744 logging.go:39] "[core] [<nil> SubChannel #2]Subchannel Connectivity change to READY\n"
I0207 00:01:52.497727    7744 pickfirst.go:166] "[core] [pick-first-lb 0xc0006500f0] Received SubConn state update: 0xc000650180, {ConnectivityState:READY ConnectionError:<nil>}\n"
I0207 00:01:52.497727    7744 logging.go:39] "[core] [Channel #1]Channel Connectivity change to READY\n"
I0207 00:01:53.039939    7744 remote_runtime.go:143] "Validated CRI v1 runtime API"
I0207 00:01:53.040203    7744 factory_windows.go:88] "Add runtime" runtimeName="containerd" runtimeURI="" runtimeRemoteURI="npipe://./pipe/containerd-containerd"
I0207 00:01:53.050415    7744 main.go:85] "No plugin config file found, skipping" configFile="/kruise/CredentialProviderPlugin.yaml"
I0207 00:01:53.051147    7744 parse.go:31] make and set new docker keyring
I0207 00:01:53.051147    7744 plugins.go:73] Registering credential provider: .dockercfg
I0207 00:01:53.052627    7744 reflector.go:289] Starting reflector *v1.Pod (0s) from pkg/mod/k8s.io/client-go@v0.28.9/tools/cache/reflector.go:229
I0207 00:01:53.053143    7744 reflector.go:325] Listing and watching *v1.Pod from pkg/mod/k8s.io/client-go@v0.28.9/tools/cache/reflector.go:229
I0207 00:01:53.664804    7744 shared_informer.go:341] caches populated
I0207 00:01:53.665380    7744 imagepuller_controller.go:153] Starting informer for NodeImage
I0207 00:01:53.665380    7744 pod_probe_controller.go:196] Starting informer for NodePodProbe
I0207 00:01:53.665380    7744 reflector.go:289] Starting reflector *v1alpha1.NodeImage (0s) from pkg/mod/k8s.io/client-go@v0.28.9/tools/cache/reflector.go:229
I0207 00:01:53.665380    7744 reflector.go:289] Starting reflector *v1alpha1.NodePodProbe (0s) from pkg/mod/k8s.io/client-go@v0.28.9/tools/cache/reflector.go:229
I0207 00:01:53.665380    7744 reflector.go:325] Listing and watching *v1alpha1.NodeImage from pkg/mod/k8s.io/client-go@v0.28.9/tools/cache/reflector.go:229
I0207 00:01:53.665380    7744 reflector.go:325] Listing and watching *v1alpha1.NodePodProbe from pkg/mod/k8s.io/client-go@v0.28.9/tools/cache/reflector.go:229
I0207 00:01:53.665380    7744 crr_daemon_controller.go:168] Starting informer for ContainerRecreateRequest
I0207 00:01:53.665380    7744 container_meta_controller.go:202] Starting containermeta Controller
I0207 00:01:53.665380    7744 reflector.go:289] Starting reflector *v1alpha1.ContainerRecreateRequest (0s) from pkg/mod/k8s.io/client-go@v0.28.9/tools/cache/reflector.go:229
I0207 00:01:53.665380    7744 reflector.go:325] Listing and watching *v1alpha1.ContainerRecreateRequest from pkg/mod/k8s.io/client-go@v0.28.9/tools/cache/reflector.go:229
I0207 00:01:53.665904    7744 container_meta_controller.go:211] Started containermeta Controller successfully
I0207 00:01:53.776643    7744 shared_informer.go:341] caches populated
I0207 00:01:53.776643    7744 crr_daemon_controller.go:174] Starting crr daemon controller
I0207 00:01:53.776643    7744 shared_informer.go:341] caches populated
I0207 00:01:53.776643    7744 pod_probe_controller.go:202] Starting NodePodProbe controller
I0207 00:01:53.776643    7744 pod_probe_controller.go:214] Started NodePodProbe controller successfully
I0207 00:01:53.776643    7744 shared_informer.go:341] caches populated
I0207 00:01:53.776643    7744 imagepuller_controller.go:159] Starting puller controller
I0207 00:01:53.776643    7744 imagepuller_controller.go:166] Started puller controller successfully
I0207 00:01:53.776643    7744 crr_daemon_controller.go:182] Started crr daemon controller successfully
I0207 00:01:53.777261    7744 imagepuller_controller.go:209] "Start syncing" name="akswin19000000"
I0207 00:01:53.777905    7744 imagepuller_worker.go:78] "sync puller" spec="{\"kind\":\"NodeImage\",\"apiVersion\":\"apps.kruise.io/v1alpha1\",\"metadata\":{\"name\":\"akswin19000000\",\"uid\":\"998606ba-a971-4fed-b625-b9a7a0f78637\",\"resourceVersion\":\"29377747\",\"generation\":1,\"creationTimestamp\":\"2025-02-03T00:29:27Z\",\"labels\":{\"agentpool\":\"win19\",\"beta.kubernetes.io/arch\":\"amd64\",\"beta.kubernetes.io/os\":\"windows\",\"kubernetes.azure.com/agentpool\":\"win19\",\"kubernetes.azure.com/azure-cni-overlay\":\"true\",\"kubernetes.azure.com/cluster\":\"MC_pepeng-aks-1_pepeng-aks-1_centralus\",\"kubernetes.azure.com/consolidated-additional-properties\":\"2a233691-e1c5-11ef-9664-1a9800288062\",\"kubernetes.azure.com/kubelet-identity-client-id\":\"ceff8493-3adf-48dd-b8f6-a771cc585f8d\",\"kubernetes.azure.com/mode\":\"user\",\"kubernetes.azure.com/network-name\":\"aks-vnet-32584312\",\"kubernetes.azure.com/network-policy\":\"none\",\"kubernetes.azure.com/network-resourcegroup\":\"pepeng-aks-1\",\"kubernetes.azure.com/network-subnet\":\"aks-subnet\",\"kubernetes.azure.com/network-subscription\":\"39675fbf-5b47-472e-9bb9-5570c6edbd4f\",\"kubernetes.azure.com/node-image-version\":\"AKSWindows-2019-containerd-17763.6775.250117\",\"kubernetes.azure.com/nodenetwork-vnetguid\":\"a77c0001-505b-425f-8612-28afe0e102fc\",\"kubernetes.azure.com/nodepool-type\":\"VirtualMachineScaleSets\",\"kubernetes.azure.com/os-sku\":\"Windows2019\",\"kubernetes.azure.com/podnetwork-type\":\"overlay\",\"kubernetes.azure.com/role\":\"agent\",\"kubernetes.io/arch\":\"amd64\",\"kubernetes.io/hostname\":\"akswin19000000\",\"kubernetes.io/os\":\"windows\",\"node.kubernetes.io/instance-type\":\"Standard_D8s_v3\",\"node.kubernetes.io/windows-build\":\"10.0.17763\",\"topology.disk.csi.azure.com/zone\":\"\",\"topology.kubernetes.io/region\":\"centralus\",\"topology.kubernetes.io/zone\":\"0\"},\"managedFields\":[{\"manager\":\"kruise-manager\",\"operation\":\"Update\",\"apiVersion\":\"apps.kruise.io/v1alpha1\",\"time\":\"2025-02-03T00:29:43Z\",\"fieldsType\":\"FieldsV1\",\"fieldsV1\":{\"f:metadata\":{\"f:labels\":{\".\":{},\"f:agentpool\":{},\"f:beta.kubernetes.io/arch\":{},\"f:beta.kubernetes.io/os\":{},\"f:kubernetes.azure.com/agentpool\":{},\"f:kubernetes.azure.com/azure-cni-overlay\":{},\"f:kubernetes.azure.com/cluster\":{},\"f:kubernetes.azure.com/consolidated-additional-properties\":{},\"f:kubernetes.azure.com/kubelet-identity-client-id\":{},\"f:kubernetes.azure.com/mode\":{},\"f:kubernetes.azure.com/network-name\":{},\"f:kubernetes.azure.com/network-policy\":{},\"f:kubernetes.azure.com/network-resourcegroup\":{},\"f:kubernetes.azure.com/network-subnet\":{},\"f:kubernetes.azure.com/network-subscription\":{},\"f:kubernetes.azure.com/node-image-version\":{},\"f:kubernetes.azure.com/nodenetwork-vnetguid\":{},\"f:kubernetes.azure.com/nodepool-type\":{},\"f:kubernetes.azure.com/os-sku\":{},\"f:kubernetes.azure.com/podnetwork-type\":{},\"f:kubernetes.azure.com/role\":{},\"f:kubernetes.io/arch\":{},\"f:kubernetes.io/hostname\":{},\"f:kubernetes.io/os\":{},\"f:node.kubernetes.io/instance-type\":{},\"f:node.kubernetes.io/windows-build\":{},\"f:topology.disk.csi.azure.com/zone\":{},\"f:topology.kubernetes.io/region\":{},\"f:topology.kubernetes.io/zone\":{}}},\"f:spec\":{}}}]},\"spec\":{},\"status\":{\"desired\":0,\"succeeded\":0,\"failed\":0,\"pulling\":0}}"
I0207 00:01:53.777905    7744 utils.go:116] "Updating status" status="{\"desired\":0,\"succeeded\":0,\"failed\":0,\"pulling\":0}"
I0207 00:01:53.788476    7744 pod_probe_controller.go:366] "NodePodProbe(%s) update status success" nodeName="akswin19000000" from="{}" to="{}"
I0207 00:01:53.789142    7744 imagepuller_controller.go:214] "Finished syncing" name="akswin19000000"
I0207 00:01:53.789142    7744 imagepuller_controller.go:89] "Find imagePullNode spec has not changed, skip enqueueing." nodeImage="akswin19000000"
I0207 00:07:46.674763    7744 reflector.go:790] pkg/mod/k8s.io/client-go@v0.28.9/tools/cache/reflector.go:229: Watch close - *v1alpha1.ContainerRecreateRequest total 4 items received
I0207 00:08:32.675124    7744 reflector.go:790] pkg/mod/k8s.io/client-go@v0.28.9/tools/cache/reflector.go:229: Watch close - *v1alpha1.NodePodProbe total 8 items received
I0207 00:11:30.628012    7744 reflector.go:790] pkg/mod/k8s.io/client-go@v0.28.9/tools/cache/reflector.go:229: Watch close - *v1.Pod total 16 items received
I0207 00:11:48.674016    7744 reflector.go:790] pkg/mod/k8s.io/client-go@v0.28.9/tools/cache/reflector.go:229: Watch close - *v1alpha1.NodeImage total 11 items received
I0207 00:13:42.678415    7744 reflector.go:790] pkg/mod/k8s.io/client-go@v0.28.9/tools/cache/reflector.go:229: Watch close - *v1alpha1.NodePodProbe total 0 items received
I0207 00:16:30.680906    7744 reflector.go:790] pkg/mod/k8s.io/client-go@v0.28.9/tools/cache/reflector.go:229: Watch close - *v1alpha1.ContainerRecreateRequest total 3 items received
I0207 00:18:24.637175    7744 reflector.go:790] pkg/mod/k8s.io/client-go@v0.28.9/tools/cache/reflector.go:229: Watch close - *v1.Pod total 0 items received
I0207 00:20:53.682067    7744 reflector.go:790] pkg/mod/k8s.io/client-go@v0.28.9/tools/cache/reflector.go:229: Watch close - *v1alpha1.NodePodProbe total 0 items received
I0207 00:21:27.662425    7744 reflector.go:790] pkg/mod/k8s.io/client-go@v0.28.9/tools/cache/reflector.go:229: Watch close - *v1alpha1.NodeImage total 3 items received
I0207 00:23:40.641572    7744 reflector.go:790] pkg/mod/k8s.io/client-go@v0.28.9/tools/cache/reflector.go:229: Watch close - *v1.Pod total 4 items received
I0207 00:26:13.684974    7744 reflector.go:790] pkg/mod/k8s.io/client-go@v0.28.9/tools/cache/reflector.go:229: Watch close - *v1alpha1.ContainerRecreateRequest total 1 items received
I0207 00:26:53.334266    7744 imagepuller_controller.go:209] "Start syncing" name="akswin19000000"
I0207 00:26:53.334266    7744 imagepuller_worker.go:78] "sync puller" spec="{\"metadata\":{\"name\":\"akswin19000000\",\"uid\":\"998606ba-a971-4fed-b625-b9a7a0f78637\",\"resourceVersion\":\"31017335\",\"generation\":1,\"creationTimestamp\":\"2025-02-03T00:29:27Z\",\"labels\":{\"agentpool\":\"win19\",\"beta.kubernetes.io/arch\":\"amd64\",\"beta.kubernetes.io/os\":\"windows\",\"kubernetes.azure.com/agentpool\":\"win19\",\"kubernetes.azure.com/azure-cni-overlay\":\"true\",\"kubernetes.azure.com/cluster\":\"MC_pepeng-aks-1_pepeng-aks-1_centralus\",\"kubernetes.azure.com/consolidated-additional-properties\":\"2a233691-e1c5-11ef-9664-1a9800288062\",\"kubernetes.azure.com/kubelet-identity-client-id\":\"ceff8493-3adf-48dd-b8f6-a771cc585f8d\",\"kubernetes.azure.com/mode\":\"user\",\"kubernetes.azure.com/network-name\":\"aks-vnet-32584312\",\"kubernetes.azure.com/network-policy\":\"none\",\"kubernetes.azure.com/network-resourcegroup\":\"pepeng-aks-1\",\"kubernetes.azure.com/network-subnet\":\"aks-subnet\",\"kubernetes.azure.com/network-subscription\":\"39675fbf-5b47-472e-9bb9-5570c6edbd4f\",\"kubernetes.azure.com/node-image-version\":\"AKSWindows-2019-containerd-17763.6775.250117\",\"kubernetes.azure.com/nodenetwork-vnetguid\":\"a77c0001-505b-425f-8612-28afe0e102fc\",\"kubernetes.azure.com/nodepool-type\":\"VirtualMachineScaleSets\",\"kubernetes.azure.com/os-sku\":\"Windows2019\",\"kubernetes.azure.com/podnetwork-type\":\"overlay\",\"kubernetes.azure.com/role\":\"agent\",\"kubernetes.io/arch\":\"amd64\",\"kubernetes.io/hostname\":\"akswin19000000\",\"kubernetes.io/os\":\"windows\",\"node.kubernetes.io/instance-type\":\"Standard_D8s_v3\",\"node.kubernetes.io/windows-build\":\"10.0.17763\",\"topology.disk.csi.azure.com/zone\":\"\",\"topology.kubernetes.io/region\":\"centralus\",\"topology.kubernetes.io/zone\":\"0\"},\"managedFields\":[{\"manager\":\"kruise-manager\",\"operation\":\"Update\",\"apiVersion\":\"apps.kruise.io/v1alpha1\",\"time\":\"2025-02-03T00:29:43Z\",\"fieldsType\":\"FieldsV1\",\"fieldsV1\":{\"f:metadata\":{\"f:labels\":{\".\":{},\"f:agentpool\":{},\"f:beta.kubernetes.io/arch\":{},\"f:beta.kubernetes.io/os\":{},\"f:kubernetes.azure.com/agentpool\":{},\"f:kubernetes.azure.com/azure-cni-overlay\":{},\"f:kubernetes.azure.com/cluster\":{},\"f:kubernetes.azure.com/consolidated-additional-properties\":{},\"f:kubernetes.azure.com/kubelet-identity-client-id\":{},\"f:kubernetes.azure.com/mode\":{},\"f:kubernetes.azure.com/network-name\":{},\"f:kubernetes.azure.com/network-policy\":{},\"f:kubernetes.azure.com/network-resourcegroup\":{},\"f:kubernetes.azure.com/network-subnet\":{},\"f:kubernetes.azure.com/network-subscription\":{},\"f:kubernetes.azure.com/node-image-version\":{},\"f:kubernetes.azure.com/nodenetwork-vnetguid\":{},\"f:kubernetes.azure.com/nodepool-type\":{},\"f:kubernetes.azure.com/os-sku\":{},\"f:kubernetes.azure.com/podnetwork-type\":{},\"f:kubernetes.azure.com/role\":{},\"f:kubernetes.io/arch\":{},\"f:kubernetes.io/hostname\":{},\"f:kubernetes.io/os\":{},\"f:node.kubernetes.io/instance-type\":{},\"f:node.kubernetes.io/windows-build\":{},\"f:topology.disk.csi.azure.com/zone\":{},\"f:topology.kubernetes.io/region\":{},\"f:topology.kubernetes.io/zone\":{}}},\"f:spec\":{}}},{\"manager\":\"kruise-daemon\",\"operation\":\"Update\",\"apiVersion\":\"apps.kruise.io/v1alpha1\",\"time\":\"2025-02-07T00:01:53Z\",\"fieldsType\":\"FieldsV1\",\"fieldsV1\":{\"f:status\":{\".\":{},\"f:desired\":{},\"f:failed\":{},\"f:pulling\":{},\"f:succeeded\":{}}},\"subresource\":\"status\"}]},\"spec\":{},\"status\":{\"desired\":0,\"succeeded\":0,\"failed\":0,\"pulling\":0}}"
I0207 00:26:53.334266    7744 imagepuller_controller.go:214] "Finished syncing" name="akswin19000000"
I0207 00:30:26.686170    7744 reflector.go:790] pkg/mod/k8s.io/client-go@v0.28.9/tools/cache/reflector.go:229: Watch close - *v1alpha1.NodePodProbe total 10 items received
I0207 00:30:36.681634    7744 reflector.go:790] pkg/mod/k8s.io/client-go@v0.28.9/tools/cache/reflector.go:229: Watch close - *v1alpha1.NodeImage total 4 items received
I0207 00:31:53.055647    7744 logging.go:31] "[core] [Channel #1]Closing the name resolver\n"
I0207 00:31:53.055647    7744 logging.go:31] "[core] [Channel #1]ccBalancerWrapper: closing\n"
I0207 00:31:53.055647    7744 logging.go:39] "[core] [Channel #1]Channel Connectivity change to IDLE\n"
I0207 00:31:53.055647    7744 clientconn.go:305] "[core] [Channel #1]Channel entering idle mode\n"
I0207 00:31:53.055647    7744 logging.go:39] "[core] [<nil> SubChannel #2]Subchannel Connectivity change to SHUTDOWN\n"
I0207 00:31:53.055647    7744 clientconn.go:1545] "[core] [<nil> SubChannel #2]Subchannel deleted\n"
I0207 00:31:53.055647    7744 http2_client.go:1035] "[transport] [client-transport 0xc00017db00] GracefulClose called\n"
I0207 00:31:53.055647    7744 http2_client.go:978] "[transport] [client-transport 0xc00017db00] Closing: connection error: desc = \"no active streams left to process while draining\"\n"
I0207 00:31:53.055647    7744 controlbuf.go:543] "[transport] [client-transport 0xc00017db00] loopyWriter exiting with error: transport closed by client\n"
I0207 00:32:11.645643    7744 reflector.go:790] pkg/mod/k8s.io/client-go@v0.28.9/tools/cache/reflector.go:229: Watch close - *v1.Pod total 3 items received
I0207 00:33:12.689279    7744 reflector.go:790] pkg/mod/k8s.io/client-go@v0.28.9/tools/cache/reflector.go:229: Watch close - *v1alpha1.ContainerRecreateRequest total 0 items received
I0207 00:36:03.690307    7744 reflector.go:790] pkg/mod/k8s.io/client-go@v0.28.9/tools/cache/reflector.go:229: Watch close - *v1alpha1.NodePodProbe total 6 items received
I0207 00:37:31.685219    7744 reflector.go:790] pkg/mod/k8s.io/client-go@v0.28.9/tools/cache/reflector.go:229: Watch close - *v1alpha1.NodeImage total 0 items received
I0207 00:38:21.276641    7744 crr_daemon_controller.go:238] "Start syncing" namespace="kruise-system" name="ccr-test-win19-idle-9ddfj"
I0207 00:38:21.304280    7744 crr_daemon_controller.go:243] "Finished syncing" namespace="kruise-system" name="ccr-test-win19-idle-9ddfj"
I0207 00:38:21.304310    7744 crr_daemon_controller.go:238] "Start syncing" namespace="kruise-system" name="ccr-test-win19-idle-9ddfj"
I0207 00:38:21.304310    7744 crr_daemon_controller.go:255] "CRR is waiting for unready acquirement" namespace="kruise-system" name="ccr-test-win19-idle-9ddfj"
I0207 00:38:21.304310    7744 crr_daemon_controller.go:243] "Finished syncing" namespace="kruise-system" name="ccr-test-win19-idle-9ddfj"
I0207 00:38:21.317537    7744 crr_daemon_controller.go:238] "Start syncing" namespace="kruise-system" name="ccr-test-win19-idle-9ddfj"
I0207 00:38:21.317598    7744 crr_daemon_controller.go:255] "CRR is waiting for unready acquirement" namespace="kruise-system" name="ccr-test-win19-idle-9ddfj"
I0207 00:38:21.317598    7744 crr_daemon_controller.go:243] "Finished syncing" namespace="kruise-system" name="ccr-test-win19-idle-9ddfj"
I0207 00:38:21.326687    7744 crr_daemon_controller.go:238] "Start syncing" namespace="kruise-system" name="ccr-test-win19-idle-9ddfj"
I0207 00:38:21.326687    7744 crr_daemon_controller.go:267] "CRR is waiting for unready grace period" namespace="kruise-system" name="ccr-test-win19-idle-9ddfj" leftTime="2.6733125s"
I0207 00:38:21.326687    7744 crr_daemon_controller.go:243] "Finished syncing" namespace="kruise-system" name="ccr-test-win19-idle-9ddfj"
I0207 00:38:24.108110    7744 crr_daemon_controller.go:238] "Start syncing" namespace="kruise-system" name="ccr-test-win19-idle-9ddfj"
I0207 00:38:24.109646    7744 logging.go:39] "[core] [Channel #1]Resolver state updated: {\n  \"Addresses\": [\n    {\n      \"Addr\": \"//./pipe/containerd-containerd\",\n      \"ServerName\": \"\",\n      \"Attributes\": null,\n      \"BalancerAttributes\": null,\n      \"Metadata\": null\n    }\n  ],\n  \"Endpoints\": [\n    {\n      \"Addresses\": [\n        {\n          \"Addr\": \"//./pipe/containerd-containerd\",\n          \"ServerName\": \"\",\n          \"Attributes\": null,\n          \"BalancerAttributes\": null,\n          \"Metadata\": null\n        }\n      ],\n      \"Attributes\": null\n    }\n  ],\n  \"ServiceConfig\": null,\n  \"Attributes\": null\n} (resolver returned new addresses)\n"
I0207 00:38:24.109719    7744 logging.go:39] "[core] [Channel #1]Channel switches to new LB policy \"pick_first\"\n"
I0207 00:38:24.109825    7744 pickfirst.go:123] "[core] [pick-first-lb 0xc0009e9dd0] Received new config {\n  \"shuffleAddressList\": false\n}, resolver state {\n  \"Addresses\": [\n    {\n      \"Addr\": \"//./pipe/containerd-containerd\",\n      \"ServerName\": \"\",\n      \"Attributes\": null,\n      \"BalancerAttributes\": null,\n      \"Metadata\": null\n    }\n  ],\n  \"Endpoints\": [\n    {\n      \"Addresses\": [\n        {\n          \"Addr\": \"//./pipe/containerd-containerd\",\n          \"ServerName\": \"\",\n          \"Attributes\": null,\n          \"BalancerAttributes\": null,\n          \"Metadata\": null\n        }\n      ],\n      \"Attributes\": null\n    }\n  ],\n  \"ServiceConfig\": null,\n  \"Attributes\": null\n}\n"
I0207 00:38:24.109880    7744 clientconn.go:846] "[core] [<nil> SubChannel #4]Subchannel created\n"
I0207 00:38:24.109907    7744 logging.go:39] "[core] [Channel #1]Channel Connectivity change to CONNECTING\n"
I0207 00:38:24.109907    7744 clientconn.go:305] "[core] [Channel #1]Channel exiting idle mode\n"
I0207 00:38:24.110069    7744 logging.go:39] "[core] [<nil> SubChannel #4]Subchannel Connectivity change to CONNECTING\n"
I0207 00:38:24.110069    7744 logging.go:39] "[core] [<nil> SubChannel #4]Subchannel picks a new address \"//./pipe/containerd-containerd\" to connect\n"
I0207 00:38:24.110069    7744 pickfirst.go:166] "[core] [pick-first-lb 0xc0009e9dd0] Received SubConn state update: 0xc0009e9e30, {ConnectivityState:CONNECTING ConnectionError:<nil>}\n"
I0207 00:38:24.110978    7744 logging.go:39] "[core] [<nil> SubChannel #4]Subchannel Connectivity change to READY\n"
I0207 00:38:24.111067    7744 pickfirst.go:166] "[core] [pick-first-lb 0xc0009e9dd0] Received SubConn state update: 0xc0009e9e30, {ConnectivityState:READY ConnectionError:<nil>}\n"
I0207 00:38:24.111067    7744 logging.go:39] "[core] [Channel #1]Channel Connectivity change to READY\n"
I0207 00:38:24.114340    7744 labels.go:149] "Container doesn't have a specific label, it may be an old or invalid container" label="io.kubernetes.container.hashWithoutResources"
I0207 00:38:24.114903    7744 crr_daemon_controller.go:320] "CRR for Pod GetPodStatus" namespace="kruise-system" name="ccr-test-win19-idle-9ddfj" podName="kruise-daemon-win19-idle-9ddfj" podStatus="{\"ID\":\"990fd51d-6385-434d-9020-9ed14898a2e3\",\"Name\":\"kruise-daemon-win19-idle-9ddfj\",\"Namespace\":\"kruise-system\",\"IPs\":null,\"ContainerStatuses\":[{\"ID\":\"containerd://7074b8aa1174022bd09471f617b3d6fe42dd3be7cfd4ce32e7ee73ed13a849ee\",\"Name\":\"daemon\",\"State\":\"running\",\"CreatedAt\":\"2025-02-07T00:36:57.6652045Z\",\"StartedAt\":\"2025-02-07T00:37:39.4777148Z\",\"FinishedAt\":\"0001-01-01T00:00:00Z\",\"ExitCode\":0,\"Image\":\"mcr.microsoft.com/windows/servercore:ltsc2019\",\"ImageID\":\"mcr.microsoft.com/windows/servercore@sha256:fb07dd14e84db4b84909be0a989597c31e28e199e7f47964fce763623d68e5d9\",\"Hash\":959189849,\"HashWithoutResources\":0,\"RestartCount\":2,\"Reason\":\"\",\"Message\":\"\",\"Resources\":null}],\"SandboxStatuses\":null,\"TimeStamp\":\"0001-01-01T00:00:00Z\"}"
I0207 00:38:24.114903    7744 crr_daemon_controller.go:388] "CRR patch containerRecreateStates" namespace="kruise-system" name="ccr-test-win19-idle-9ddfj" states="[{\"name\":\"daemon\",\"phase\":\"Pending\"}]"
I0207 00:38:24.123325    7744 crr_daemon_controller.go:243] "Finished syncing" namespace="kruise-system" name="ccr-test-win19-idle-9ddfj"
I0207 00:38:24.123325    7744 crr_daemon_controller.go:238] "Start syncing" namespace="kruise-system" name="ccr-test-win19-idle-9ddfj"
I0207 00:38:24.124516    7744 labels.go:149] "Container doesn't have a specific label, it may be an old or invalid container" label="io.kubernetes.container.hashWithoutResources"
I0207 00:38:24.124516    7744 crr_daemon_controller.go:320] "CRR for Pod GetPodStatus" namespace="kruise-system" name="ccr-test-win19-idle-9ddfj" podName="kruise-daemon-win19-idle-9ddfj" podStatus="{\"ID\":\"990fd51d-6385-434d-9020-9ed14898a2e3\",\"Name\":\"kruise-daemon-win19-idle-9ddfj\",\"Namespace\":\"kruise-system\",\"IPs\":null,\"ContainerStatuses\":[{\"ID\":\"containerd://7074b8aa1174022bd09471f617b3d6fe42dd3be7cfd4ce32e7ee73ed13a849ee\",\"Name\":\"daemon\",\"State\":\"running\",\"CreatedAt\":\"2025-02-07T00:36:57.6652045Z\",\"StartedAt\":\"2025-02-07T00:37:39.4777148Z\",\"FinishedAt\":\"0001-01-01T00:00:00Z\",\"ExitCode\":0,\"Image\":\"mcr.microsoft.com/windows/servercore:ltsc2019\",\"ImageID\":\"mcr.microsoft.com/windows/servercore@sha256:fb07dd14e84db4b84909be0a989597c31e28e199e7f47964fce763623d68e5d9\",\"Hash\":959189849,\"HashWithoutResources\":0,\"RestartCount\":2,\"Reason\":\"\",\"Message\":\"\",\"Resources\":null}],\"SandboxStatuses\":null,\"TimeStamp\":\"0001-01-01T00:00:00Z\"}"
I0207 00:38:24.124516    7744 kuberuntime_container.go:175] "Killing container with grace period" containerID="containerd://7074b8aa1174022bd09471f617b3d6fe42dd3be7cfd4ce32e7ee73ed13a849ee" gracePeriod=30
I0207 00:38:34.890208    7744 kuberuntime_container.go:181] "Container exited normally" containerID="containerd://7074b8aa1174022bd09471f617b3d6fe42dd3be7cfd4ce32e7ee73ed13a849ee"
I0207 00:38:34.890208    7744 crr_daemon_controller.go:388] "CRR patch containerRecreateStates" namespace="kruise-system" name="ccr-test-win19-idle-9ddfj" states="[{\"name\":\"daemon\",\"phase\":\"Recreating\",\"isKilled\":true}]"
I0207 00:38:34.899880    7744 crr_daemon_controller.go:243] "Finished syncing" namespace="kruise-system" name="ccr-test-win19-idle-9ddfj"
I0207 00:38:34.899913    7744 crr_daemon_controller.go:238] "Start syncing" namespace="kruise-system" name="ccr-test-win19-idle-9ddfj"
I0207 00:38:34.900610    7744 labels.go:149] "Container doesn't have a specific label, it may be an old or invalid container" label="io.kubernetes.container.hashWithoutResources"
I0207 00:38:34.901171    7744 crr_daemon_controller.go:320] "CRR for Pod GetPodStatus" namespace="kruise-system" name="ccr-test-win19-idle-9ddfj" podName="kruise-daemon-win19-idle-9ddfj" podStatus="{\"ID\":\"990fd51d-6385-434d-9020-9ed14898a2e3\",\"Name\":\"kruise-daemon-win19-idle-9ddfj\",\"Namespace\":\"kruise-system\",\"IPs\":null,\"ContainerStatuses\":[{\"ID\":\"containerd://7074b8aa1174022bd09471f617b3d6fe42dd3be7cfd4ce32e7ee73ed13a849ee\",\"Name\":\"daemon\",\"State\":\"exited\",\"CreatedAt\":\"2025-02-07T00:36:57.6652045Z\",\"StartedAt\":\"2025-02-07T00:37:39.4777148Z\",\"FinishedAt\":\"2025-02-07T00:38:25.7992239Z\",\"ExitCode\":-1073741510,\"Image\":\"mcr.microsoft.com/windows/servercore:ltsc2019\",\"ImageID\":\"mcr.microsoft.com/windows/servercore@sha256:fb07dd14e84db4b84909be0a989597c31e28e199e7f47964fce763623d68e5d9\",\"Hash\":959189849,\"HashWithoutResources\":0,\"RestartCount\":2,\"Reason\":\"Error\",\"Message\":\"\",\"Resources\":null}],\"SandboxStatuses\":null,\"TimeStamp\":\"0001-01-01T00:00:00Z\"}"
I0207 00:38:34.901171    7744 crr_daemon_controller.go:243] "Finished syncing" namespace="kruise-system" name="ccr-test-win19-idle-9ddfj"
I0207 00:38:44.901925    7744 crr_daemon_controller.go:238] "Start syncing" namespace="kruise-system" name="ccr-test-win19-idle-9ddfj"
I0207 00:38:44.903674    7744 labels.go:149] "Container doesn't have a specific label, it may be an old or invalid container" label="io.kubernetes.container.hashWithoutResources"
I0207 00:38:44.904213    7744 labels.go:149] "Container doesn't have a specific label, it may be an old or invalid container" label="io.kubernetes.container.hashWithoutResources"
I0207 00:38:44.904268    7744 crr_daemon_controller.go:320] "CRR for Pod GetPodStatus" namespace="kruise-system" name="ccr-test-win19-idle-9ddfj" podName="kruise-daemon-win19-idle-9ddfj" podStatus="{\"ID\":\"990fd51d-6385-434d-9020-9ed14898a2e3\",\"Name\":\"kruise-daemon-win19-idle-9ddfj\",\"Namespace\":\"kruise-system\",\"IPs\":null,\"ContainerStatuses\":[{\"ID\":\"containerd://f3b40f0afdb6968e8956c893f388d0aec099cff4817cf786972d280d1e3b91bd\",\"Name\":\"daemon\",\"State\":\"created\",\"CreatedAt\":\"2025-02-07T00:38:42.8414101Z\",\"StartedAt\":\"0001-01-01T00:00:00Z\",\"FinishedAt\":\"0001-01-01T00:00:00Z\",\"ExitCode\":0,\"Image\":\"mcr.microsoft.com/windows/servercore:ltsc2019\",\"ImageID\":\"mcr.microsoft.com/windows/servercore@sha256:fb07dd14e84db4b84909be0a989597c31e28e199e7f47964fce763623d68e5d9\",\"Hash\":959189849,\"HashWithoutResources\":0,\"RestartCount\":3,\"Reason\":\"\",\"Message\":\"\",\"Resources\":null},{\"ID\":\"containerd://7074b8aa1174022bd09471f617b3d6fe42dd3be7cfd4ce32e7ee73ed13a849ee\",\"Name\":\"daemon\",\"State\":\"exited\",\"CreatedAt\":\"2025-02-07T00:36:57.6652045Z\",\"StartedAt\":\"2025-02-07T00:37:39.4777148Z\",\"FinishedAt\":\"2025-02-07T00:38:25.7992239Z\",\"ExitCode\":-1073741510,\"Image\":\"mcr.microsoft.com/windows/servercore:ltsc2019\",\"ImageID\":\"mcr.microsoft.com/windows/servercore@sha256:fb07dd14e84db4b84909be0a989597c31e28e199e7f47964fce763623d68e5d9\",\"Hash\":959189849,\"HashWithoutResources\":0,\"RestartCount\":2,\"Reason\":\"Error\",\"Message\":\"\",\"Resources\":null}],\"SandboxStatuses\":null,\"TimeStamp\":\"0001-01-01T00:00:00Z\"}"
I0207 00:38:44.904268    7744 crr_daemon_controller.go:243] "Finished syncing" namespace="kruise-system" name="ccr-test-win19-idle-9ddfj"
I0207 00:38:54.916685    7744 crr_daemon_controller.go:238] "Start syncing" namespace="kruise-system" name="ccr-test-win19-idle-9ddfj"
I0207 00:38:54.917898    7744 labels.go:149] "Container doesn't have a specific label, it may be an old or invalid container" label="io.kubernetes.container.hashWithoutResources"
I0207 00:38:54.917952    7744 labels.go:149] "Container doesn't have a specific label, it may be an old or invalid container" label="io.kubernetes.container.hashWithoutResources"
I0207 00:38:54.917952    7744 crr_daemon_controller.go:320] "CRR for Pod GetPodStatus" namespace="kruise-system" name="ccr-test-win19-idle-9ddfj" podName="kruise-daemon-win19-idle-9ddfj" podStatus="{\"ID\":\"990fd51d-6385-434d-9020-9ed14898a2e3\",\"Name\":\"kruise-daemon-win19-idle-9ddfj\",\"Namespace\":\"kruise-system\",\"IPs\":null,\"ContainerStatuses\":[{\"ID\":\"containerd://f3b40f0afdb6968e8956c893f388d0aec099cff4817cf786972d280d1e3b91bd\",\"Name\":\"daemon\",\"State\":\"created\",\"CreatedAt\":\"2025-02-07T00:38:42.8414101Z\",\"StartedAt\":\"0001-01-01T00:00:00Z\",\"FinishedAt\":\"0001-01-01T00:00:00Z\",\"ExitCode\":0,\"Image\":\"mcr.microsoft.com/windows/servercore:ltsc2019\",\"ImageID\":\"mcr.microsoft.com/windows/servercore@sha256:fb07dd14e84db4b84909be0a989597c31e28e199e7f47964fce763623d68e5d9\",\"Hash\":959189849,\"HashWithoutResources\":0,\"RestartCount\":3,\"Reason\":\"\",\"Message\":\"\",\"Resources\":null},{\"ID\":\"containerd://7074b8aa1174022bd09471f617b3d6fe42dd3be7cfd4ce32e7ee73ed13a849ee\",\"Name\":\"daemon\",\"State\":\"exited\",\"CreatedAt\":\"2025-02-07T00:36:57.6652045Z\",\"StartedAt\":\"2025-02-07T00:37:39.4777148Z\",\"FinishedAt\":\"2025-02-07T00:38:25.7992239Z\",\"ExitCode\":-1073741510,\"Image\":\"mcr.microsoft.com/windows/servercore:ltsc2019\",\"ImageID\":\"mcr.microsoft.com/windows/servercore@sha256:fb07dd14e84db4b84909be0a989597c31e28e199e7f47964fce763623d68e5d9\",\"Hash\":959189849,\"HashWithoutResources\":0,\"RestartCount\":2,\"Reason\":\"Error\",\"Message\":\"\",\"Resources\":null}],\"SandboxStatuses\":null,\"TimeStamp\":\"0001-01-01T00:00:00Z\"}"
I0207 00:38:54.918473    7744 crr_daemon_controller.go:243] "Finished syncing" namespace="kruise-system" name="ccr-test-win19-idle-9ddfj"
I0207 00:39:00.334975    7744 crr_daemon_controller.go:238] "Start syncing" namespace="kruise-system" name="ccr-test-win19-idle-9ddfj"
I0207 00:39:00.336170    7744 labels.go:149] "Container doesn't have a specific label, it may be an old or invalid container" label="io.kubernetes.container.hashWithoutResources"
I0207 00:39:00.336235    7744 labels.go:149] "Container doesn't have a specific label, it may be an old or invalid container" label="io.kubernetes.container.hashWithoutResources"
I0207 00:39:00.336774    7744 crr_daemon_controller.go:320] "CRR for Pod GetPodStatus" namespace="kruise-system" name="ccr-test-win19-idle-9ddfj" podName="kruise-daemon-win19-idle-9ddfj" podStatus="{\"ID\":\"990fd51d-6385-434d-9020-9ed14898a2e3\",\"Name\":\"kruise-daemon-win19-idle-9ddfj\",\"Namespace\":\"kruise-system\",\"IPs\":null,\"ContainerStatuses\":[{\"ID\":\"containerd://f3b40f0afdb6968e8956c893f388d0aec099cff4817cf786972d280d1e3b91bd\",\"Name\":\"daemon\",\"State\":\"running\",\"CreatedAt\":\"2025-02-07T00:38:42.8414101Z\",\"StartedAt\":\"2025-02-07T00:39:00.2503774Z\",\"FinishedAt\":\"0001-01-01T00:00:00Z\",\"ExitCode\":0,\"Image\":\"mcr.microsoft.com/windows/servercore:ltsc2019\",\"ImageID\":\"mcr.microsoft.com/windows/servercore@sha256:fb07dd14e84db4b84909be0a989597c31e28e199e7f47964fce763623d68e5d9\",\"Hash\":959189849,\"HashWithoutResources\":0,\"RestartCount\":3,\"Reason\":\"\",\"Message\":\"\",\"Resources\":null},{\"ID\":\"containerd://7074b8aa1174022bd09471f617b3d6fe42dd3be7cfd4ce32e7ee73ed13a849ee\",\"Name\":\"daemon\",\"State\":\"exited\",\"CreatedAt\":\"2025-02-07T00:36:57.6652045Z\",\"StartedAt\":\"2025-02-07T00:37:39.4777148Z\",\"FinishedAt\":\"2025-02-07T00:38:25.7992239Z\",\"ExitCode\":-1073741510,\"Image\":\"mcr.microsoft.com/windows/servercore:ltsc2019\",\"ImageID\":\"mcr.microsoft.com/windows/servercore@sha256:fb07dd14e84db4b84909be0a989597c31e28e199e7f47964fce763623d68e5d9\",\"Hash\":959189849,\"HashWithoutResources\":0,\"RestartCount\":2,\"Reason\":\"Error\",\"Message\":\"\",\"Resources\":null}],\"SandboxStatuses\":null,\"TimeStamp\":\"0001-01-01T00:00:00Z\"}"
I0207 00:39:00.336911    7744 crr_daemon_controller.go:243] "Finished syncing" namespace="kruise-system" name="ccr-test-win19-idle-9ddfj"
I0207 00:39:04.932071    7744 crr_daemon_controller.go:238] "Start syncing" namespace="kruise-system" name="ccr-test-win19-idle-9ddfj"
I0207 00:39:04.932903    7744 labels.go:149] "Container doesn't have a specific label, it may be an old or invalid container" label="io.kubernetes.container.hashWithoutResources"
I0207 00:39:04.933516    7744 labels.go:149] "Container doesn't have a specific label, it may be an old or invalid container" label="io.kubernetes.container.hashWithoutResources"
I0207 00:39:04.933516    7744 crr_daemon_controller.go:320] "CRR for Pod GetPodStatus" namespace="kruise-system" name="ccr-test-win19-idle-9ddfj" podName="kruise-daemon-win19-idle-9ddfj" podStatus="{\"ID\":\"990fd51d-6385-434d-9020-9ed14898a2e3\",\"Name\":\"kruise-daemon-win19-idle-9ddfj\",\"Namespace\":\"kruise-system\",\"IPs\":null,\"ContainerStatuses\":[{\"ID\":\"containerd://f3b40f0afdb6968e8956c893f388d0aec099cff4817cf786972d280d1e3b91bd\",\"Name\":\"daemon\",\"State\":\"running\",\"CreatedAt\":\"2025-02-07T00:38:42.8414101Z\",\"StartedAt\":\"2025-02-07T00:39:00.2503774Z\",\"FinishedAt\":\"0001-01-01T00:00:00Z\",\"ExitCode\":0,\"Image\":\"mcr.microsoft.com/windows/servercore:ltsc2019\",\"ImageID\":\"mcr.microsoft.com/windows/servercore@sha256:fb07dd14e84db4b84909be0a989597c31e28e199e7f47964fce763623d68e5d9\",\"Hash\":959189849,\"HashWithoutResources\":0,\"RestartCount\":3,\"Reason\":\"\",\"Message\":\"\",\"Resources\":null},{\"ID\":\"containerd://7074b8aa1174022bd09471f617b3d6fe42dd3be7cfd4ce32e7ee73ed13a849ee\",\"Name\":\"daemon\",\"State\":\"exited\",\"CreatedAt\":\"2025-02-07T00:36:57.6652045Z\",\"StartedAt\":\"2025-02-07T00:37:39.4777148Z\",\"FinishedAt\":\"2025-02-07T00:38:25.7992239Z\",\"ExitCode\":-1073741510,\"Image\":\"mcr.microsoft.com/windows/servercore:ltsc2019\",\"ImageID\":\"mcr.microsoft.com/windows/servercore@sha256:fb07dd14e84db4b84909be0a989597c31e28e199e7f47964fce763623d68e5d9\",\"Hash\":959189849,\"HashWithoutResources\":0,\"RestartCount\":2,\"Reason\":\"Error\",\"Message\":\"\",\"Resources\":null}],\"SandboxStatuses\":null,\"TimeStamp\":\"0001-01-01T00:00:00Z\"}"
I0207 00:39:04.934032    7744 crr_daemon_controller.go:243] "Finished syncing" namespace="kruise-system" name="ccr-test-win19-idle-9ddfj"
I0207 00:39:14.948053    7744 crr_daemon_controller.go:238] "Start syncing" namespace="kruise-system" name="ccr-test-win19-idle-9ddfj"
I0207 00:39:14.950089    7744 labels.go:149] "Container doesn't have a specific label, it may be an old or invalid container" label="io.kubernetes.container.hashWithoutResources"
I0207 00:39:14.950441    7744 labels.go:149] "Container doesn't have a specific label, it may be an old or invalid container" label="io.kubernetes.container.hashWithoutResources"
I0207 00:39:14.950441    7744 crr_daemon_controller.go:320] "CRR for Pod GetPodStatus" namespace="kruise-system" name="ccr-test-win19-idle-9ddfj" podName="kruise-daemon-win19-idle-9ddfj" podStatus="{\"ID\":\"990fd51d-6385-434d-9020-9ed14898a2e3\",\"Name\":\"kruise-daemon-win19-idle-9ddfj\",\"Namespace\":\"kruise-system\",\"IPs\":null,\"ContainerStatuses\":[{\"ID\":\"containerd://f3b40f0afdb6968e8956c893f388d0aec099cff4817cf786972d280d1e3b91bd\",\"Name\":\"daemon\",\"State\":\"running\",\"CreatedAt\":\"2025-02-07T00:38:42.8414101Z\",\"StartedAt\":\"2025-02-07T00:39:00.2503774Z\",\"FinishedAt\":\"0001-01-01T00:00:00Z\",\"ExitCode\":0,\"Image\":\"mcr.microsoft.com/windows/servercore:ltsc2019\",\"ImageID\":\"mcr.microsoft.com/windows/servercore@sha256:fb07dd14e84db4b84909be0a989597c31e28e199e7f47964fce763623d68e5d9\",\"Hash\":959189849,\"HashWithoutResources\":0,\"RestartCount\":3,\"Reason\":\"\",\"Message\":\"\",\"Resources\":null},{\"ID\":\"containerd://7074b8aa1174022bd09471f617b3d6fe42dd3be7cfd4ce32e7ee73ed13a849ee\",\"Name\":\"daemon\",\"State\":\"exited\",\"CreatedAt\":\"2025-02-07T00:36:57.6652045Z\",\"StartedAt\":\"2025-02-07T00:37:39.4777148Z\",\"FinishedAt\":\"2025-02-07T00:38:25.7992239Z\",\"ExitCode\":-1073741510,\"Image\":\"mcr.microsoft.com/windows/servercore:ltsc2019\",\"ImageID\":\"mcr.microsoft.com/windows/servercore@sha256:fb07dd14e84db4b84909be0a989597c31e28e199e7f47964fce763623d68e5d9\",\"Hash\":959189849,\"HashWithoutResources\":0,\"RestartCount\":2,\"Reason\":\"Error\",\"Message\":\"\",\"Resources\":null}],\"SandboxStatuses\":null,\"TimeStamp\":\"0001-01-01T00:00:00Z\"}"
I0207 00:39:14.950441    7744 crr_daemon_controller.go:388] "CRR patch containerRecreateStates" namespace="kruise-system" name="ccr-test-win19-idle-9ddfj" states="[{\"name\":\"daemon\",\"phase\":\"Succeeded\",\"isKilled\":true}]"
I0207 00:39:14.964963    7744 crr_daemon_controller.go:243] "Finished syncing" namespace="kruise-system" name="ccr-test-win19-idle-9ddfj"
I0207 00:39:14.964963    7744 crr_daemon_controller.go:238] "Start syncing" namespace="kruise-system" name="ccr-test-win19-idle-9ddfj"
I0207 00:39:14.966308    7744 labels.go:149] "Container doesn't have a specific label, it may be an old or invalid container" label="io.kubernetes.container.hashWithoutResources"
I0207 00:39:14.966638    7744 labels.go:149] "Container doesn't have a specific label, it may be an old or invalid container" label="io.kubernetes.container.hashWithoutResources"
I0207 00:39:14.966638    7744 crr_daemon_controller.go:320] "CRR for Pod GetPodStatus" namespace="kruise-system" name="ccr-test-win19-idle-9ddfj" podName="kruise-daemon-win19-idle-9ddfj" podStatus="{\"ID\":\"990fd51d-6385-434d-9020-9ed14898a2e3\",\"Name\":\"kruise-daemon-win19-idle-9ddfj\",\"Namespace\":\"kruise-system\",\"IPs\":null,\"ContainerStatuses\":[{\"ID\":\"containerd://f3b40f0afdb6968e8956c893f388d0aec099cff4817cf786972d280d1e3b91bd\",\"Name\":\"daemon\",\"State\":\"running\",\"CreatedAt\":\"2025-02-07T00:38:42.8414101Z\",\"StartedAt\":\"2025-02-07T00:39:00.2503774Z\",\"FinishedAt\":\"0001-01-01T00:00:00Z\",\"ExitCode\":0,\"Image\":\"mcr.microsoft.com/windows/servercore:ltsc2019\",\"ImageID\":\"mcr.microsoft.com/windows/servercore@sha256:fb07dd14e84db4b84909be0a989597c31e28e199e7f47964fce763623d68e5d9\",\"Hash\":959189849,\"HashWithoutResources\":0,\"RestartCount\":3,\"Reason\":\"\",\"Message\":\"\",\"Resources\":null},{\"ID\":\"containerd://7074b8aa1174022bd09471f617b3d6fe42dd3be7cfd4ce32e7ee73ed13a849ee\",\"Name\":\"daemon\",\"State\":\"exited\",\"CreatedAt\":\"2025-02-07T00:36:57.6652045Z\",\"StartedAt\":\"2025-02-07T00:37:39.4777148Z\",\"FinishedAt\":\"2025-02-07T00:38:25.7992239Z\",\"ExitCode\":-1073741510,\"Image\":\"mcr.microsoft.com/windows/servercore:ltsc2019\",\"ImageID\":\"mcr.microsoft.com/windows/servercore@sha256:fb07dd14e84db4b84909be0a989597c31e28e199e7f47964fce763623d68e5d9\",\"Hash\":959189849,\"HashWithoutResources\":0,\"RestartCount\":2,\"Reason\":\"Error\",\"Message\":\"\",\"Resources\":null}],\"SandboxStatuses\":null,\"TimeStamp\":\"0001-01-01T00:00:00Z\"}"
I0207 00:39:14.977025    7744 crr_daemon_controller.go:243] "Finished syncing" namespace="kruise-system" name="ccr-test-win19-idle-9ddfj"
I0207 00:40:30.664432    7744 crr_daemon_controller.go:238] "Start syncing" namespace="kruise-system" name="ccr-test-win19-idle-9ddfj-2"
I0207 00:40:30.711251    7744 crr_daemon_controller.go:243] "Finished syncing" namespace="kruise-system" name="ccr-test-win19-idle-9ddfj-2"
I0207 00:40:30.711788    7744 crr_daemon_controller.go:238] "Start syncing" namespace="kruise-system" name="ccr-test-win19-idle-9ddfj-2"
I0207 00:40:30.711788    7744 crr_daemon_controller.go:255] "CRR is waiting for unready acquirement" namespace="kruise-system" name="ccr-test-win19-idle-9ddfj-2"
I0207 00:40:30.711870    7744 crr_daemon_controller.go:243] "Finished syncing" namespace="kruise-system" name="ccr-test-win19-idle-9ddfj-2"
I0207 00:40:30.722324    7744 crr_daemon_controller.go:238] "Start syncing" namespace="kruise-system" name="ccr-test-win19-idle-9ddfj-2"
I0207 00:40:30.722324    7744 crr_daemon_controller.go:255] "CRR is waiting for unready acquirement" namespace="kruise-system" name="ccr-test-win19-idle-9ddfj-2"
I0207 00:40:30.722324    7744 crr_daemon_controller.go:243] "Finished syncing" namespace="kruise-system" name="ccr-test-win19-idle-9ddfj-2"
I0207 00:40:30.730772    7744 crr_daemon_controller.go:238] "Start syncing" namespace="kruise-system" name="ccr-test-win19-idle-9ddfj-2"
I0207 00:40:30.730820    7744 crr_daemon_controller.go:267] "CRR is waiting for unready grace period" namespace="kruise-system" name="ccr-test-win19-idle-9ddfj-2" leftTime="2.2691791s"
I0207 00:40:30.730864    7744 crr_daemon_controller.go:243] "Finished syncing" namespace="kruise-system" name="ccr-test-win19-idle-9ddfj-2"
I0207 00:40:33.107266    7744 crr_daemon_controller.go:238] "Start syncing" namespace="kruise-system" name="ccr-test-win19-idle-9ddfj-2"
I0207 00:40:33.109040    7744 labels.go:149] "Container doesn't have a specific label, it may be an old or invalid container" label="io.kubernetes.container.hashWithoutResources"
I0207 00:40:33.109131    7744 crr_daemon_controller.go:320] "CRR for Pod GetPodStatus" namespace="kruise-system" name="ccr-test-win19-idle-9ddfj-2" podName="kruise-daemon-win19-idle-9ddfj" podStatus="{\"ID\":\"990fd51d-6385-434d-9020-9ed14898a2e3\",\"Name\":\"kruise-daemon-win19-idle-9ddfj\",\"Namespace\":\"kruise-system\",\"IPs\":null,\"ContainerStatuses\":[{\"ID\":\"containerd://6bdea155d873db48aeefc34709ebc23aacef9464d8d96b7c391fbe960ef3e7b0\",\"Name\":\"daemon\",\"State\":\"created\",\"CreatedAt\":\"2025-02-07T00:40:28.4886829Z\",\"StartedAt\":\"0001-01-01T00:00:00Z\",\"FinishedAt\":\"0001-01-01T00:00:00Z\",\"ExitCode\":0,\"Image\":\"mcr.microsoft.com/windows/servercore:ltsc2019\",\"ImageID\":\"mcr.microsoft.com/windows/servercore@sha256:fb07dd14e84db4b84909be0a989597c31e28e199e7f47964fce763623d68e5d9\",\"Hash\":959189849,\"HashWithoutResources\":0,\"RestartCount\":4,\"Reason\":\"\",\"Message\":\"\",\"Resources\":null}],\"SandboxStatuses\":null,\"TimeStamp\":\"0001-01-01T00:00:00Z\"}"
I0207 00:40:33.109238    7744 crr_daemon_controller.go:388] "CRR patch containerRecreateStates" namespace="kruise-system" name="ccr-test-win19-idle-9ddfj-2" states="[{\"name\":\"daemon\",\"phase\":\"Recreating\"}]"
I0207 00:40:33.122461    7744 crr_daemon_controller.go:243] "Finished syncing" namespace="kruise-system" name="ccr-test-win19-idle-9ddfj-2"
I0207 00:40:33.122560    7744 crr_daemon_controller.go:238] "Start syncing" namespace="kruise-system" name="ccr-test-win19-idle-9ddfj-2"
I0207 00:40:33.122986    7744 labels.go:149] "Container doesn't have a specific label, it may be an old or invalid container" label="io.kubernetes.container.hashWithoutResources"
I0207 00:40:33.123589    7744 crr_daemon_controller.go:320] "CRR for Pod GetPodStatus" namespace="kruise-system" name="ccr-test-win19-idle-9ddfj-2" podName="kruise-daemon-win19-idle-9ddfj" podStatus="{\"ID\":\"990fd51d-6385-434d-9020-9ed14898a2e3\",\"Name\":\"kruise-daemon-win19-idle-9ddfj\",\"Namespace\":\"kruise-system\",\"IPs\":null,\"ContainerStatuses\":[{\"ID\":\"containerd://6bdea155d873db48aeefc34709ebc23aacef9464d8d96b7c391fbe960ef3e7b0\",\"Name\":\"daemon\",\"State\":\"created\",\"CreatedAt\":\"2025-02-07T00:40:28.4886829Z\",\"StartedAt\":\"0001-01-01T00:00:00Z\",\"FinishedAt\":\"0001-01-01T00:00:00Z\",\"ExitCode\":0,\"Image\":\"mcr.microsoft.com/windows/servercore:ltsc2019\",\"ImageID\":\"mcr.microsoft.com/windows/servercore@sha256:fb07dd14e84db4b84909be0a989597c31e28e199e7f47964fce763623d68e5d9\",\"Hash\":959189849,\"HashWithoutResources\":0,\"RestartCount\":4,\"Reason\":\"\",\"Message\":\"\",\"Resources\":null}],\"SandboxStatuses\":null,\"TimeStamp\":\"0001-01-01T00:00:00Z\"}"
I0207 00:40:33.123639    7744 crr_daemon_controller.go:388] "CRR patch containerRecreateStates" namespace="kruise-system" name="ccr-test-win19-idle-9ddfj-2" states="[{\"name\":\"daemon\",\"phase\":\"Recreating\",\"isKilled\":true}]"
I0207 00:40:33.131549    7744 crr_daemon_controller.go:243] "Finished syncing" namespace="kruise-system" name="ccr-test-win19-idle-9ddfj-2"
I0207 00:40:33.131549    7744 crr_daemon_controller.go:238] "Start syncing" namespace="kruise-system" name="ccr-test-win19-idle-9ddfj-2"
I0207 00:40:33.132957    7744 labels.go:149] "Container doesn't have a specific label, it may be an old or invalid container" label="io.kubernetes.container.hashWithoutResources"
I0207 00:40:33.132957    7744 crr_daemon_controller.go:320] "CRR for Pod GetPodStatus" namespace="kruise-system" name="ccr-test-win19-idle-9ddfj-2" podName="kruise-daemon-win19-idle-9ddfj" podStatus="{\"ID\":\"990fd51d-6385-434d-9020-9ed14898a2e3\",\"Name\":\"kruise-daemon-win19-idle-9ddfj\",\"Namespace\":\"kruise-system\",\"IPs\":null,\"ContainerStatuses\":[{\"ID\":\"containerd://6bdea155d873db48aeefc34709ebc23aacef9464d8d96b7c391fbe960ef3e7b0\",\"Name\":\"daemon\",\"State\":\"created\",\"CreatedAt\":\"2025-02-07T00:40:28.4886829Z\",\"StartedAt\":\"0001-01-01T00:00:00Z\",\"FinishedAt\":\"0001-01-01T00:00:00Z\",\"ExitCode\":0,\"Image\":\"mcr.microsoft.com/windows/servercore:ltsc2019\",\"ImageID\":\"mcr.microsoft.com/windows/servercore@sha256:fb07dd14e84db4b84909be0a989597c31e28e199e7f47964fce763623d68e5d9\",\"Hash\":959189849,\"HashWithoutResources\":0,\"RestartCount\":4,\"Reason\":\"\",\"Message\":\"\",\"Resources\":null}],\"SandboxStatuses\":null,\"TimeStamp\":\"0001-01-01T00:00:00Z\"}"
I0207 00:40:33.132957    7744 crr_daemon_controller.go:243] "Finished syncing" namespace="kruise-system" name="ccr-test-win19-idle-9ddfj-2"
I0207 00:40:43.143284    7744 crr_daemon_controller.go:238] "Start syncing" namespace="kruise-system" name="ccr-test-win19-idle-9ddfj-2"
I0207 00:40:43.144859    7744 labels.go:149] "Container doesn't have a specific label, it may be an old or invalid container" label="io.kubernetes.container.hashWithoutResources"
I0207 00:40:43.144958    7744 crr_daemon_controller.go:320] "CRR for Pod GetPodStatus" namespace="kruise-system" name="ccr-test-win19-idle-9ddfj-2" podName="kruise-daemon-win19-idle-9ddfj" podStatus="{\"ID\":\"990fd51d-6385-434d-9020-9ed14898a2e3\",\"Name\":\"kruise-daemon-win19-idle-9ddfj\",\"Namespace\":\"kruise-system\",\"IPs\":null,\"ContainerStatuses\":[{\"ID\":\"containerd://6bdea155d873db48aeefc34709ebc23aacef9464d8d96b7c391fbe960ef3e7b0\",\"Name\":\"daemon\",\"State\":\"created\",\"CreatedAt\":\"2025-02-07T00:40:28.4886829Z\",\"StartedAt\":\"0001-01-01T00:00:00Z\",\"FinishedAt\":\"0001-01-01T00:00:00Z\",\"ExitCode\":0,\"Image\":\"mcr.microsoft.com/windows/servercore:ltsc2019\",\"ImageID\":\"mcr.microsoft.com/windows/servercore@sha256:fb07dd14e84db4b84909be0a989597c31e28e199e7f47964fce763623d68e5d9\",\"Hash\":959189849,\"HashWithoutResources\":0,\"RestartCount\":4,\"Reason\":\"\",\"Message\":\"\",\"Resources\":null}],\"SandboxStatuses\":null,\"TimeStamp\":\"0001-01-01T00:00:00Z\"}"
I0207 00:40:43.145055    7744 crr_daemon_controller.go:243] "Finished syncing" namespace="kruise-system" name="ccr-test-win19-idle-9ddfj-2"
I0207 00:40:47.561872    7744 crr_daemon_controller.go:238] "Start syncing" namespace="kruise-system" name="ccr-test-win19-idle-9ddfj-2"
I0207 00:40:47.563207    7744 labels.go:149] "Container doesn't have a specific label, it may be an old or invalid container" label="io.kubernetes.container.hashWithoutResources"
I0207 00:40:47.563207    7744 crr_daemon_controller.go:320] "CRR for Pod GetPodStatus" namespace="kruise-system" name="ccr-test-win19-idle-9ddfj-2" podName="kruise-daemon-win19-idle-9ddfj" podStatus="{\"ID\":\"990fd51d-6385-434d-9020-9ed14898a2e3\",\"Name\":\"kruise-daemon-win19-idle-9ddfj\",\"Namespace\":\"kruise-system\",\"IPs\":null,\"ContainerStatuses\":[{\"ID\":\"containerd://6bdea155d873db48aeefc34709ebc23aacef9464d8d96b7c391fbe960ef3e7b0\",\"Name\":\"daemon\",\"State\":\"running\",\"CreatedAt\":\"2025-02-07T00:40:28.4886829Z\",\"StartedAt\":\"2025-02-07T00:40:46.5159845Z\",\"FinishedAt\":\"0001-01-01T00:00:00Z\",\"ExitCode\":0,\"Image\":\"mcr.microsoft.com/windows/servercore:ltsc2019\",\"ImageID\":\"mcr.microsoft.com/windows/servercore@sha256:fb07dd14e84db4b84909be0a989597c31e28e199e7f47964fce763623d68e5d9\",\"Hash\":959189849,\"HashWithoutResources\":0,\"RestartCount\":4,\"Reason\":\"\",\"Message\":\"\",\"Resources\":null}],\"SandboxStatuses\":null,\"TimeStamp\":\"0001-01-01T00:00:00Z\"}"
I0207 00:40:47.563337    7744 crr_daemon_controller.go:243] "Finished syncing" namespace="kruise-system" name="ccr-test-win19-idle-9ddfj-2"
I0207 00:40:53.154332    7744 crr_daemon_controller.go:238] "Start syncing" namespace="kruise-system" name="ccr-test-win19-idle-9ddfj-2"
I0207 00:40:53.155882    7744 labels.go:149] "Container doesn't have a specific label, it may be an old or invalid container" label="io.kubernetes.container.hashWithoutResources"
I0207 00:40:53.155995    7744 crr_daemon_controller.go:320] "CRR for Pod GetPodStatus" namespace="kruise-system" name="ccr-test-win19-idle-9ddfj-2" podName="kruise-daemon-win19-idle-9ddfj" podStatus="{\"ID\":\"990fd51d-6385-434d-9020-9ed14898a2e3\",\"Name\":\"kruise-daemon-win19-idle-9ddfj\",\"Namespace\":\"kruise-system\",\"IPs\":null,\"ContainerStatuses\":[{\"ID\":\"containerd://6bdea155d873db48aeefc34709ebc23aacef9464d8d96b7c391fbe960ef3e7b0\",\"Name\":\"daemon\",\"State\":\"running\",\"CreatedAt\":\"2025-02-07T00:40:28.4886829Z\",\"StartedAt\":\"2025-02-07T00:40:46.5159845Z\",\"FinishedAt\":\"0001-01-01T00:00:00Z\",\"ExitCode\":0,\"Image\":\"mcr.microsoft.com/windows/servercore:ltsc2019\",\"ImageID\":\"mcr.microsoft.com/windows/servercore@sha256:fb07dd14e84db4b84909be0a989597c31e28e199e7f47964fce763623d68e5d9\",\"Hash\":959189849,\"HashWithoutResources\":0,\"RestartCount\":4,\"Reason\":\"\",\"Message\":\"\",\"Resources\":null}],\"SandboxStatuses\":null,\"TimeStamp\":\"0001-01-01T00:00:00Z\"}"
I0207 00:40:53.156093    7744 crr_daemon_controller.go:243] "Finished syncing" namespace="kruise-system" name="ccr-test-win19-idle-9ddfj-2"
I0207 00:41:03.158805    7744 crr_daemon_controller.go:238] "Start syncing" namespace="kruise-system" name="ccr-test-win19-idle-9ddfj-2"
I0207 00:41:03.160145    7744 labels.go:149] "Container doesn't have a specific label, it may be an old or invalid container" label="io.kubernetes.container.hashWithoutResources"
I0207 00:41:03.160744    7744 crr_daemon_controller.go:320] "CRR for Pod GetPodStatus" namespace="kruise-system" name="ccr-test-win19-idle-9ddfj-2" podName="kruise-daemon-win19-idle-9ddfj" podStatus="{\"ID\":\"990fd51d-6385-434d-9020-9ed14898a2e3\",\"Name\":\"kruise-daemon-win19-idle-9ddfj\",\"Namespace\":\"kruise-system\",\"IPs\":null,\"ContainerStatuses\":[{\"ID\":\"containerd://6bdea155d873db48aeefc34709ebc23aacef9464d8d96b7c391fbe960ef3e7b0\",\"Name\":\"daemon\",\"State\":\"running\",\"CreatedAt\":\"2025-02-07T00:40:28.4886829Z\",\"StartedAt\":\"2025-02-07T00:40:46.5159845Z\",\"FinishedAt\":\"0001-01-01T00:00:00Z\",\"ExitCode\":0,\"Image\":\"mcr.microsoft.com/windows/servercore:ltsc2019\",\"ImageID\":\"mcr.microsoft.com/windows/servercore@sha256:fb07dd14e84db4b84909be0a989597c31e28e199e7f47964fce763623d68e5d9\",\"Hash\":959189849,\"HashWithoutResources\":0,\"RestartCount\":4,\"Reason\":\"\",\"Message\":\"\",\"Resources\":null}],\"SandboxStatuses\":null,\"TimeStamp\":\"0001-01-01T00:00:00Z\"}"
I0207 00:41:03.160793    7744 crr_daemon_controller.go:388] "CRR patch containerRecreateStates" namespace="kruise-system" name="ccr-test-win19-idle-9ddfj-2" states="[{\"name\":\"daemon\",\"phase\":\"Succeeded\",\"isKilled\":true}]"
I0207 00:41:03.169950    7744 crr_daemon_controller.go:243] "Finished syncing" namespace="kruise-system" name="ccr-test-win19-idle-9ddfj-2"
I0207 00:41:03.169950    7744 crr_daemon_controller.go:238] "Start syncing" namespace="kruise-system" name="ccr-test-win19-idle-9ddfj-2"
I0207 00:41:03.171401    7744 labels.go:149] "Container doesn't have a specific label, it may be an old or invalid container" label="io.kubernetes.container.hashWithoutResources"
I0207 00:41:03.171401    7744 crr_daemon_controller.go:320] "CRR for Pod GetPodStatus" namespace="kruise-system" name="ccr-test-win19-idle-9ddfj-2" podName="kruise-daemon-win19-idle-9ddfj" podStatus="{\"ID\":\"990fd51d-6385-434d-9020-9ed14898a2e3\",\"Name\":\"kruise-daemon-win19-idle-9ddfj\",\"Namespace\":\"kruise-system\",\"IPs\":null,\"ContainerStatuses\":[{\"ID\":\"containerd://6bdea155d873db48aeefc34709ebc23aacef9464d8d96b7c391fbe960ef3e7b0\",\"Name\":\"daemon\",\"State\":\"running\",\"CreatedAt\":\"2025-02-07T00:40:28.4886829Z\",\"StartedAt\":\"2025-02-07T00:40:46.5159845Z\",\"FinishedAt\":\"0001-01-01T00:00:00Z\",\"ExitCode\":0,\"Image\":\"mcr.microsoft.com/windows/servercore:ltsc2019\",\"ImageID\":\"mcr.microsoft.com/windows/servercore@sha256:fb07dd14e84db4b84909be0a989597c31e28e199e7f47964fce763623d68e5d9\",\"Hash\":959189849,\"HashWithoutResources\":0,\"RestartCount\":4,\"Reason\":\"\",\"Message\":\"\",\"Resources\":null}],\"SandboxStatuses\":null,\"TimeStamp\":\"0001-01-01T00:00:00Z\"}"
I0207 00:41:03.179470    7744 crr_daemon_controller.go:243] "Finished syncing" namespace="kruise-system" name="ccr-test-win19-idle-9ddfj-2"
I0207 00:41:04.697668    7744 reflector.go:790] pkg/mod/k8s.io/client-go@v0.28.9/tools/cache/reflector.go:229: Watch close - *v1alpha1.ContainerRecreateRequest total 27 items received
I0207 00:41:49.263130    7744 crr_daemon_controller.go:238] "Start syncing" namespace="kruise-system" name="ccr-test-win19-idle-9ddfj-3"
I0207 00:41:49.272005    7744 crr_daemon_controller.go:243] "Finished syncing" namespace="kruise-system" name="ccr-test-win19-idle-9ddfj-3"
I0207 00:41:49.272005    7744 crr_daemon_controller.go:238] "Start syncing" namespace="kruise-system" name="ccr-test-win19-idle-9ddfj-3"
I0207 00:41:49.272005    7744 crr_daemon_controller.go:255] "CRR is waiting for unready acquirement" namespace="kruise-system" name="ccr-test-win19-idle-9ddfj-3"
I0207 00:41:49.272005    7744 crr_daemon_controller.go:243] "Finished syncing" namespace="kruise-system" name="ccr-test-win19-idle-9ddfj-3"
I0207 00:41:49.281962    7744 crr_daemon_controller.go:238] "Start syncing" namespace="kruise-system" name="ccr-test-win19-idle-9ddfj-3"
I0207 00:41:49.281962    7744 crr_daemon_controller.go:255] "CRR is waiting for unready acquirement" namespace="kruise-system" name="ccr-test-win19-idle-9ddfj-3"
I0207 00:41:49.281962    7744 crr_daemon_controller.go:243] "Finished syncing" namespace="kruise-system" name="ccr-test-win19-idle-9ddfj-3"
I0207 00:41:49.293909    7744 crr_daemon_controller.go:238] "Start syncing" namespace="kruise-system" name="ccr-test-win19-idle-9ddfj-3"
I0207 00:41:49.294001    7744 crr_daemon_controller.go:267] "CRR is waiting for unready grace period" namespace="kruise-system" name="ccr-test-win19-idle-9ddfj-3" leftTime="2.7060232s"
I0207 00:41:49.294001    7744 crr_daemon_controller.go:243] "Finished syncing" namespace="kruise-system" name="ccr-test-win19-idle-9ddfj-3"
I0207 00:41:52.113823    7744 crr_daemon_controller.go:238] "Start syncing" namespace="kruise-system" name="ccr-test-win19-idle-9ddfj-3"
I0207 00:41:52.115090    7744 labels.go:149] "Container doesn't have a specific label, it may be an old or invalid container" label="io.kubernetes.container.hashWithoutResources"
I0207 00:41:52.115090    7744 crr_daemon_controller.go:320] "CRR for Pod GetPodStatus" namespace="kruise-system" name="ccr-test-win19-idle-9ddfj-3" podName="kruise-daemon-win19-idle-9ddfj" podStatus="{\"ID\":\"990fd51d-6385-434d-9020-9ed14898a2e3\",\"Name\":\"kruise-daemon-win19-idle-9ddfj\",\"Namespace\":\"kruise-system\",\"IPs\":null,\"ContainerStatuses\":[{\"ID\":\"containerd://6bdea155d873db48aeefc34709ebc23aacef9464d8d96b7c391fbe960ef3e7b0\",\"Name\":\"daemon\",\"State\":\"running\",\"CreatedAt\":\"2025-02-07T00:40:28.4886829Z\",\"StartedAt\":\"2025-02-07T00:40:46.5159845Z\",\"FinishedAt\":\"0001-01-01T00:00:00Z\",\"ExitCode\":0,\"Image\":\"mcr.microsoft.com/windows/servercore:ltsc2019\",\"ImageID\":\"mcr.microsoft.com/windows/servercore@sha256:fb07dd14e84db4b84909be0a989597c31e28e199e7f47964fce763623d68e5d9\",\"Hash\":959189849,\"HashWithoutResources\":0,\"RestartCount\":4,\"Reason\":\"\",\"Message\":\"\",\"Resources\":null}],\"SandboxStatuses\":null,\"TimeStamp\":\"0001-01-01T00:00:00Z\"}"
I0207 00:41:52.115090    7744 crr_daemon_controller.go:388] "CRR patch containerRecreateStates" namespace="kruise-system" name="ccr-test-win19-idle-9ddfj-3" states="[{\"name\":\"daemon\",\"phase\":\"Pending\"}]"
I0207 00:41:52.135918    7744 crr_daemon_controller.go:243] "Finished syncing" namespace="kruise-system" name="ccr-test-win19-idle-9ddfj-3"
I0207 00:41:52.135918    7744 crr_daemon_controller.go:238] "Start syncing" namespace="kruise-system" name="ccr-test-win19-idle-9ddfj-3"
I0207 00:41:52.137418    7744 labels.go:149] "Container doesn't have a specific label, it may be an old or invalid container" label="io.kubernetes.container.hashWithoutResources"
I0207 00:41:52.137418    7744 crr_daemon_controller.go:320] "CRR for Pod GetPodStatus" namespace="kruise-system" name="ccr-test-win19-idle-9ddfj-3" podName="kruise-daemon-win19-idle-9ddfj" podStatus="{\"ID\":\"990fd51d-6385-434d-9020-9ed14898a2e3\",\"Name\":\"kruise-daemon-win19-idle-9ddfj\",\"Namespace\":\"kruise-system\",\"IPs\":null,\"ContainerStatuses\":[{\"ID\":\"containerd://6bdea155d873db48aeefc34709ebc23aacef9464d8d96b7c391fbe960ef3e7b0\",\"Name\":\"daemon\",\"State\":\"running\",\"CreatedAt\":\"2025-02-07T00:40:28.4886829Z\",\"StartedAt\":\"2025-02-07T00:40:46.5159845Z\",\"FinishedAt\":\"0001-01-01T00:00:00Z\",\"ExitCode\":0,\"Image\":\"mcr.microsoft.com/windows/servercore:ltsc2019\",\"ImageID\":\"mcr.microsoft.com/windows/servercore@sha256:fb07dd14e84db4b84909be0a989597c31e28e199e7f47964fce763623d68e5d9\",\"Hash\":959189849,\"HashWithoutResources\":0,\"RestartCount\":4,\"Reason\":\"\",\"Message\":\"\",\"Resources\":null}],\"SandboxStatuses\":null,\"TimeStamp\":\"0001-01-01T00:00:00Z\"}"
I0207 00:41:52.137418    7744 kuberuntime_container.go:175] "Killing container with grace period" containerID="containerd://6bdea155d873db48aeefc34709ebc23aacef9464d8d96b7c391fbe960ef3e7b0" gracePeriod=30
I0207 00:41:57.348185    7744 kuberuntime_container.go:181] "Container exited normally" containerID="containerd://6bdea155d873db48aeefc34709ebc23aacef9464d8d96b7c391fbe960ef3e7b0"
I0207 00:41:57.348274    7744 crr_daemon_controller.go:388] "CRR patch containerRecreateStates" namespace="kruise-system" name="ccr-test-win19-idle-9ddfj-3" states="[{\"name\":\"daemon\",\"phase\":\"Recreating\",\"isKilled\":true}]"
I0207 00:41:57.357119    7744 crr_daemon_controller.go:243] "Finished syncing" namespace="kruise-system" name="ccr-test-win19-idle-9ddfj-3"
I0207 00:41:57.357119    7744 crr_daemon_controller.go:238] "Start syncing" namespace="kruise-system" name="ccr-test-win19-idle-9ddfj-3"
I0207 00:41:57.358021    7744 labels.go:149] "Container doesn't have a specific label, it may be an old or invalid container" label="io.kubernetes.container.hashWithoutResources"
I0207 00:41:57.358021    7744 crr_daemon_controller.go:320] "CRR for Pod GetPodStatus" namespace="kruise-system" name="ccr-test-win19-idle-9ddfj-3" podName="kruise-daemon-win19-idle-9ddfj" podStatus="{\"ID\":\"990fd51d-6385-434d-9020-9ed14898a2e3\",\"Name\":\"kruise-daemon-win19-idle-9ddfj\",\"Namespace\":\"kruise-system\",\"IPs\":null,\"ContainerStatuses\":[{\"ID\":\"containerd://6bdea155d873db48aeefc34709ebc23aacef9464d8d96b7c391fbe960ef3e7b0\",\"Name\":\"daemon\",\"State\":\"exited\",\"CreatedAt\":\"2025-02-07T00:40:28.4886829Z\",\"StartedAt\":\"2025-02-07T00:40:46.5159845Z\",\"FinishedAt\":\"2025-02-07T00:41:53.0247974Z\",\"ExitCode\":-1073741510,\"Image\":\"mcr.microsoft.com/windows/servercore:ltsc2019\",\"ImageID\":\"mcr.microsoft.com/windows/servercore@sha256:fb07dd14e84db4b84909be0a989597c31e28e199e7f47964fce763623d68e5d9\",\"Hash\":959189849,\"HashWithoutResources\":0,\"RestartCount\":4,\"Reason\":\"Error\",\"Message\":\"\",\"Resources\":null}],\"SandboxStatuses\":null,\"TimeStamp\":\"0001-01-01T00:00:00Z\"}"
I0207 00:41:57.358566    7744 crr_daemon_controller.go:243] "Finished syncing" namespace="kruise-system" name="ccr-test-win19-idle-9ddfj-3"
I0207 00:42:07.359031    7744 crr_daemon_controller.go:238] "Start syncing" namespace="kruise-system" name="ccr-test-win19-idle-9ddfj-3"
I0207 00:42:07.360033    7744 labels.go:149] "Container doesn't have a specific label, it may be an old or invalid container" label="io.kubernetes.container.hashWithoutResources"
I0207 00:42:07.360558    7744 crr_daemon_controller.go:320] "CRR for Pod GetPodStatus" namespace="kruise-system" name="ccr-test-win19-idle-9ddfj-3" podName="kruise-daemon-win19-idle-9ddfj" podStatus="{\"ID\":\"990fd51d-6385-434d-9020-9ed14898a2e3\",\"Name\":\"kruise-daemon-win19-idle-9ddfj\",\"Namespace\":\"kruise-system\",\"IPs\":null,\"ContainerStatuses\":[{\"ID\":\"containerd://6bdea155d873db48aeefc34709ebc23aacef9464d8d96b7c391fbe960ef3e7b0\",\"Name\":\"daemon\",\"State\":\"exited\",\"CreatedAt\":\"2025-02-07T00:40:28.4886829Z\",\"StartedAt\":\"2025-02-07T00:40:46.5159845Z\",\"FinishedAt\":\"2025-02-07T00:41:53.0247974Z\",\"ExitCode\":-1073741510,\"Image\":\"mcr.microsoft.com/windows/servercore:ltsc2019\",\"ImageID\":\"mcr.microsoft.com/windows/servercore@sha256:fb07dd14e84db4b84909be0a989597c31e28e199e7f47964fce763623d68e5d9\",\"Hash\":959189849,\"HashWithoutResources\":0,\"RestartCount\":4,\"Reason\":\"Error\",\"Message\":\"\",\"Resources\":null}],\"SandboxStatuses\":null,\"TimeStamp\":\"0001-01-01T00:00:00Z\"}"
I0207 00:42:07.360657    7744 crr_daemon_controller.go:243] "Finished syncing" namespace="kruise-system" name="ccr-test-win19-idle-9ddfj-3"
I0207 00:42:08.649321    7744 reflector.go:790] pkg/mod/k8s.io/client-go@v0.28.9/tools/cache/reflector.go:229: Watch close - *v1.Pod total 21 items received
I0207 00:42:17.364223    7744 crr_daemon_controller.go:238] "Start syncing" namespace="kruise-system" name="ccr-test-win19-idle-9ddfj-3"
I0207 00:42:17.365872    7744 labels.go:149] "Container doesn't have a specific label, it may be an old or invalid container" label="io.kubernetes.container.hashWithoutResources"
I0207 00:42:17.365872    7744 crr_daemon_controller.go:320] "CRR for Pod GetPodStatus" namespace="kruise-system" name="ccr-test-win19-idle-9ddfj-3" podName="kruise-daemon-win19-idle-9ddfj" podStatus="{\"ID\":\"990fd51d-6385-434d-9020-9ed14898a2e3\",\"Name\":\"kruise-daemon-win19-idle-9ddfj\",\"Namespace\":\"kruise-system\",\"IPs\":null,\"ContainerStatuses\":[{\"ID\":\"containerd://6bdea155d873db48aeefc34709ebc23aacef9464d8d96b7c391fbe960ef3e7b0\",\"Name\":\"daemon\",\"State\":\"exited\",\"CreatedAt\":\"2025-02-07T00:40:28.4886829Z\",\"StartedAt\":\"2025-02-07T00:40:46.5159845Z\",\"FinishedAt\":\"2025-02-07T00:41:53.0247974Z\",\"ExitCode\":-1073741510,\"Image\":\"mcr.microsoft.com/windows/servercore:ltsc2019\",\"ImageID\":\"mcr.microsoft.com/windows/servercore@sha256:fb07dd14e84db4b84909be0a989597c31e28e199e7f47964fce763623d68e5d9\",\"Hash\":959189849,\"HashWithoutResources\":0,\"RestartCount\":4,\"Reason\":\"Error\",\"Message\":\"\",\"Resources\":null}],\"SandboxStatuses\":null,\"TimeStamp\":\"0001-01-01T00:00:00Z\"}"
I0207 00:42:17.366817    7744 crr_daemon_controller.go:243] "Finished syncing" namespace="kruise-system" name="ccr-test-win19-idle-9ddfj-3"
I0207 00:42:27.377102    7744 crr_daemon_controller.go:238] "Start syncing" namespace="kruise-system" name="ccr-test-win19-idle-9ddfj-3"
I0207 00:42:27.378088    7744 labels.go:149] "Container doesn't have a specific label, it may be an old or invalid container" label="io.kubernetes.container.hashWithoutResources"
I0207 00:42:27.378088    7744 crr_daemon_controller.go:320] "CRR for Pod GetPodStatus" namespace="kruise-system" name="ccr-test-win19-idle-9ddfj-3" podName="kruise-daemon-win19-idle-9ddfj" podStatus="{\"ID\":\"990fd51d-6385-434d-9020-9ed14898a2e3\",\"Name\":\"kruise-daemon-win19-idle-9ddfj\",\"Namespace\":\"kruise-system\",\"IPs\":null,\"ContainerStatuses\":[{\"ID\":\"containerd://6bdea155d873db48aeefc34709ebc23aacef9464d8d96b7c391fbe960ef3e7b0\",\"Name\":\"daemon\",\"State\":\"exited\",\"CreatedAt\":\"2025-02-07T00:40:28.4886829Z\",\"StartedAt\":\"2025-02-07T00:40:46.5159845Z\",\"FinishedAt\":\"2025-02-07T00:41:53.0247974Z\",\"ExitCode\":-1073741510,\"Image\":\"mcr.microsoft.com/windows/servercore:ltsc2019\",\"ImageID\":\"mcr.microsoft.com/windows/servercore@sha256:fb07dd14e84db4b84909be0a989597c31e28e199e7f47964fce763623d68e5d9\",\"Hash\":959189849,\"HashWithoutResources\":0,\"RestartCount\":4,\"Reason\":\"Error\",\"Message\":\"\",\"Resources\":null}],\"SandboxStatuses\":null,\"TimeStamp\":\"0001-01-01T00:00:00Z\"}"
I0207 00:42:27.378088    7744 crr_daemon_controller.go:243] "Finished syncing" namespace="kruise-system" name="ccr-test-win19-idle-9ddfj-3"
I0207 00:42:37.393581    7744 crr_daemon_controller.go:238] "Start syncing" namespace="kruise-system" name="ccr-test-win19-idle-9ddfj-3"
I0207 00:42:37.394584    7744 labels.go:149] "Container doesn't have a specific label, it may be an old or invalid container" label="io.kubernetes.container.hashWithoutResources"
I0207 00:42:37.394584    7744 crr_daemon_controller.go:320] "CRR for Pod GetPodStatus" namespace="kruise-system" name="ccr-test-win19-idle-9ddfj-3" podName="kruise-daemon-win19-idle-9ddfj" podStatus="{\"ID\":\"990fd51d-6385-434d-9020-9ed14898a2e3\",\"Name\":\"kruise-daemon-win19-idle-9ddfj\",\"Namespace\":\"kruise-system\",\"IPs\":null,\"ContainerStatuses\":[{\"ID\":\"containerd://6bdea155d873db48aeefc34709ebc23aacef9464d8d96b7c391fbe960ef3e7b0\",\"Name\":\"daemon\",\"State\":\"exited\",\"CreatedAt\":\"2025-02-07T00:40:28.4886829Z\",\"StartedAt\":\"2025-02-07T00:40:46.5159845Z\",\"FinishedAt\":\"2025-02-07T00:41:53.0247974Z\",\"ExitCode\":-1073741510,\"Image\":\"mcr.microsoft.com/windows/servercore:ltsc2019\",\"ImageID\":\"mcr.microsoft.com/windows/servercore@sha256:fb07dd14e84db4b84909be0a989597c31e28e199e7f47964fce763623d68e5d9\",\"Hash\":959189849,\"HashWithoutResources\":0,\"RestartCount\":4,\"Reason\":\"Error\",\"Message\":\"\",\"Resources\":null}],\"SandboxStatuses\":null,\"TimeStamp\":\"0001-01-01T00:00:00Z\"}"
I0207 00:42:37.394584    7744 crr_daemon_controller.go:243] "Finished syncing" namespace="kruise-system" name="ccr-test-win19-idle-9ddfj-3"
I0207 00:42:47.409140    7744 crr_daemon_controller.go:238] "Start syncing" namespace="kruise-system" name="ccr-test-win19-idle-9ddfj-3"
I0207 00:42:47.410075    7744 labels.go:149] "Container doesn't have a specific label, it may be an old or invalid container" label="io.kubernetes.container.hashWithoutResources"
I0207 00:42:47.413672    7744 labels.go:149] "Container doesn't have a specific label, it may be an old or invalid container" label="io.kubernetes.container.hashWithoutResources"
I0207 00:42:47.413672    7744 crr_daemon_controller.go:320] "CRR for Pod GetPodStatus" namespace="kruise-system" name="ccr-test-win19-idle-9ddfj-3" podName="kruise-daemon-win19-idle-9ddfj" podStatus="{\"ID\":\"990fd51d-6385-434d-9020-9ed14898a2e3\",\"Name\":\"kruise-daemon-win19-idle-9ddfj\",\"Namespace\":\"kruise-system\",\"IPs\":null,\"ContainerStatuses\":[{\"ID\":\"containerd://1d0a8d3af8249ac7d6a1adc1c9d2c401c6b82c6080f2114a92cfdfcc65a14d89\",\"Name\":\"daemon\",\"State\":\"created\",\"CreatedAt\":\"2025-02-07T00:42:42.2693269Z\",\"StartedAt\":\"0001-01-01T00:00:00Z\",\"FinishedAt\":\"0001-01-01T00:00:00Z\",\"ExitCode\":0,\"Image\":\"mcr.microsoft.com/windows/servercore:ltsc2019\",\"ImageID\":\"mcr.microsoft.com/windows/servercore@sha256:fb07dd14e84db4b84909be0a989597c31e28e199e7f47964fce763623d68e5d9\",\"Hash\":959189849,\"HashWithoutResources\":0,\"RestartCount\":5,\"Reason\":\"\",\"Message\":\"\",\"Resources\":null},{\"ID\":\"containerd://6bdea155d873db48aeefc34709ebc23aacef9464d8d96b7c391fbe960ef3e7b0\",\"Name\":\"daemon\",\"State\":\"exited\",\"CreatedAt\":\"2025-02-07T00:40:28.4886829Z\",\"StartedAt\":\"2025-02-07T00:40:46.5159845Z\",\"FinishedAt\":\"2025-02-07T00:41:53.0247974Z\",\"ExitCode\":-1073741510,\"Image\":\"mcr.microsoft.com/windows/servercore:ltsc2019\",\"ImageID\":\"mcr.microsoft.com/windows/servercore@sha256:fb07dd14e84db4b84909be0a989597c31e28e199e7f47964fce763623d68e5d9\",\"Hash\":959189849,\"HashWithoutResources\":0,\"RestartCount\":4,\"Reason\":\"Error\",\"Message\":\"\",\"Resources\":null}],\"SandboxStatuses\":null,\"TimeStamp\":\"0001-01-01T00:00:00Z\"}"
I0207 00:42:47.413672    7744 crr_daemon_controller.go:243] "Finished syncing" namespace="kruise-system" name="ccr-test-win19-idle-9ddfj-3"
I0207 00:42:57.424151    7744 crr_daemon_controller.go:238] "Start syncing" namespace="kruise-system" name="ccr-test-win19-idle-9ddfj-3"
I0207 00:42:57.425151    7744 labels.go:149] "Container doesn't have a specific label, it may be an old or invalid container" label="io.kubernetes.container.hashWithoutResources"
I0207 00:42:57.425958    7744 labels.go:149] "Container doesn't have a specific label, it may be an old or invalid container" label="io.kubernetes.container.hashWithoutResources"
I0207 00:42:57.426103    7744 crr_daemon_controller.go:320] "CRR for Pod GetPodStatus" namespace="kruise-system" name="ccr-test-win19-idle-9ddfj-3" podName="kruise-daemon-win19-idle-9ddfj" podStatus="{\"ID\":\"990fd51d-6385-434d-9020-9ed14898a2e3\",\"Name\":\"kruise-daemon-win19-idle-9ddfj\",\"Namespace\":\"kruise-system\",\"IPs\":null,\"ContainerStatuses\":[{\"ID\":\"containerd://1d0a8d3af8249ac7d6a1adc1c9d2c401c6b82c6080f2114a92cfdfcc65a14d89\",\"Name\":\"daemon\",\"State\":\"created\",\"CreatedAt\":\"2025-02-07T00:42:42.2693269Z\",\"StartedAt\":\"0001-01-01T00:00:00Z\",\"FinishedAt\":\"0001-01-01T00:00:00Z\",\"ExitCode\":0,\"Image\":\"mcr.microsoft.com/windows/servercore:ltsc2019\",\"ImageID\":\"mcr.microsoft.com/windows/servercore@sha256:fb07dd14e84db4b84909be0a989597c31e28e199e7f47964fce763623d68e5d9\",\"Hash\":959189849,\"HashWithoutResources\":0,\"RestartCount\":5,\"Reason\":\"\",\"Message\":\"\",\"Resources\":null},{\"ID\":\"containerd://6bdea155d873db48aeefc34709ebc23aacef9464d8d96b7c391fbe960ef3e7b0\",\"Name\":\"daemon\",\"State\":\"exited\",\"CreatedAt\":\"2025-02-07T00:40:28.4886829Z\",\"StartedAt\":\"2025-02-07T00:40:46.5159845Z\",\"FinishedAt\":\"2025-02-07T00:41:53.0247974Z\",\"ExitCode\":-1073741510,\"Image\":\"mcr.microsoft.com/windows/servercore:ltsc2019\",\"ImageID\":\"mcr.microsoft.com/windows/servercore@sha256:fb07dd14e84db4b84909be0a989597c31e28e199e7f47964fce763623d68e5d9\",\"Hash\":959189849,\"HashWithoutResources\":0,\"RestartCount\":4,\"Reason\":\"Error\",\"Message\":\"\",\"Resources\":null}],\"SandboxStatuses\":null,\"TimeStamp\":\"0001-01-01T00:00:00Z\"}"
I0207 00:42:57.426103    7744 crr_daemon_controller.go:243] "Finished syncing" namespace="kruise-system" name="ccr-test-win19-idle-9ddfj-3"
I0207 00:43:00.881239    7744 crr_daemon_controller.go:238] "Start syncing" namespace="kruise-system" name="ccr-test-win19-idle-9ddfj-3"
I0207 00:43:00.882461    7744 labels.go:149] "Container doesn't have a specific label, it may be an old or invalid container" label="io.kubernetes.container.hashWithoutResources"
I0207 00:43:00.883324    7744 labels.go:149] "Container doesn't have a specific label, it may be an old or invalid container" label="io.kubernetes.container.hashWithoutResources"
I0207 00:43:00.883435    7744 crr_daemon_controller.go:320] "CRR for Pod GetPodStatus" namespace="kruise-system" name="ccr-test-win19-idle-9ddfj-3" podName="kruise-daemon-win19-idle-9ddfj" podStatus="{\"ID\":\"990fd51d-6385-434d-9020-9ed14898a2e3\",\"Name\":\"kruise-daemon-win19-idle-9ddfj\",\"Namespace\":\"kruise-system\",\"IPs\":null,\"ContainerStatuses\":[{\"ID\":\"containerd://1d0a8d3af8249ac7d6a1adc1c9d2c401c6b82c6080f2114a92cfdfcc65a14d89\",\"Name\":\"daemon\",\"State\":\"running\",\"CreatedAt\":\"2025-02-07T00:42:42.2693269Z\",\"StartedAt\":\"2025-02-07T00:43:00.103364Z\",\"FinishedAt\":\"0001-01-01T00:00:00Z\",\"ExitCode\":0,\"Image\":\"mcr.microsoft.com/windows/servercore:ltsc2019\",\"ImageID\":\"mcr.microsoft.com/windows/servercore@sha256:fb07dd14e84db4b84909be0a989597c31e28e199e7f47964fce763623d68e5d9\",\"Hash\":959189849,\"HashWithoutResources\":0,\"RestartCount\":5,\"Reason\":\"\",\"Message\":\"\",\"Resources\":null},{\"ID\":\"containerd://6bdea155d873db48aeefc34709ebc23aacef9464d8d96b7c391fbe960ef3e7b0\",\"Name\":\"daemon\",\"State\":\"exited\",\"CreatedAt\":\"2025-02-07T00:40:28.4886829Z\",\"StartedAt\":\"2025-02-07T00:40:46.5159845Z\",\"FinishedAt\":\"2025-02-07T00:41:53.0247974Z\",\"ExitCode\":-1073741510,\"Image\":\"mcr.microsoft.com/windows/servercore:ltsc2019\",\"ImageID\":\"mcr.microsoft.com/windows/servercore@sha256:fb07dd14e84db4b84909be0a989597c31e28e199e7f47964fce763623d68e5d9\",\"Hash\":959189849,\"HashWithoutResources\":0,\"RestartCount\":4,\"Reason\":\"Error\",\"Message\":\"\",\"Resources\":null}],\"SandboxStatuses\":null,\"TimeStamp\":\"0001-01-01T00:00:00Z\"}"
I0207 00:43:00.883502    7744 crr_daemon_controller.go:243] "Finished syncing" namespace="kruise-system" name="ccr-test-win19-idle-9ddfj-3"
I0207 00:43:07.429275    7744 crr_daemon_controller.go:238] "Start syncing" namespace="kruise-system" name="ccr-test-win19-idle-9ddfj-3"
I0207 00:43:07.430849    7744 labels.go:149] "Container doesn't have a specific label, it may be an old or invalid container" label="io.kubernetes.container.hashWithoutResources"
I0207 00:43:07.431442    7744 labels.go:149] "Container doesn't have a specific label, it may be an old or invalid container" label="io.kubernetes.container.hashWithoutResources"
I0207 00:43:07.431624    7744 crr_daemon_controller.go:320] "CRR for Pod GetPodStatus" namespace="kruise-system" name="ccr-test-win19-idle-9ddfj-3" podName="kruise-daemon-win19-idle-9ddfj" podStatus="{\"ID\":\"990fd51d-6385-434d-9020-9ed14898a2e3\",\"Name\":\"kruise-daemon-win19-idle-9ddfj\",\"Namespace\":\"kruise-system\",\"IPs\":null,\"ContainerStatuses\":[{\"ID\":\"containerd://1d0a8d3af8249ac7d6a1adc1c9d2c401c6b82c6080f2114a92cfdfcc65a14d89\",\"Name\":\"daemon\",\"State\":\"running\",\"CreatedAt\":\"2025-02-07T00:42:42.2693269Z\",\"StartedAt\":\"2025-02-07T00:43:00.103364Z\",\"FinishedAt\":\"0001-01-01T00:00:00Z\",\"ExitCode\":0,\"Image\":\"mcr.microsoft.com/windows/servercore:ltsc2019\",\"ImageID\":\"mcr.microsoft.com/windows/servercore@sha256:fb07dd14e84db4b84909be0a989597c31e28e199e7f47964fce763623d68e5d9\",\"Hash\":959189849,\"HashWithoutResources\":0,\"RestartCount\":5,\"Reason\":\"\",\"Message\":\"\",\"Resources\":null},{\"ID\":\"containerd://6bdea155d873db48aeefc34709ebc23aacef9464d8d96b7c391fbe960ef3e7b0\",\"Name\":\"daemon\",\"State\":\"exited\",\"CreatedAt\":\"2025-02-07T00:40:28.4886829Z\",\"StartedAt\":\"2025-02-07T00:40:46.5159845Z\",\"FinishedAt\":\"2025-02-07T00:41:53.0247974Z\",\"ExitCode\":-1073741510,\"Image\":\"mcr.microsoft.com/windows/servercore:ltsc2019\",\"ImageID\":\"mcr.microsoft.com/windows/servercore@sha256:fb07dd14e84db4b84909be0a989597c31e28e199e7f47964fce763623d68e5d9\",\"Hash\":959189849,\"HashWithoutResources\":0,\"RestartCount\":4,\"Reason\":\"Error\",\"Message\":\"\",\"Resources\":null}],\"SandboxStatuses\":null,\"TimeStamp\":\"0001-01-01T00:00:00Z\"}"
I0207 00:43:07.431721    7744 crr_daemon_controller.go:243] "Finished syncing" namespace="kruise-system" name="ccr-test-win19-idle-9ddfj-3"
I0207 00:43:17.441301    7744 crr_daemon_controller.go:238] "Start syncing" namespace="kruise-system" name="ccr-test-win19-idle-9ddfj-3"
I0207 00:43:17.442749    7744 labels.go:149] "Container doesn't have a specific label, it may be an old or invalid container" label="io.kubernetes.container.hashWithoutResources"
I0207 00:43:17.443545    7744 labels.go:149] "Container doesn't have a specific label, it may be an old or invalid container" label="io.kubernetes.container.hashWithoutResources"
I0207 00:43:17.443545    7744 crr_daemon_controller.go:320] "CRR for Pod GetPodStatus" namespace="kruise-system" name="ccr-test-win19-idle-9ddfj-3" podName="kruise-daemon-win19-idle-9ddfj" podStatus="{\"ID\":\"990fd51d-6385-434d-9020-9ed14898a2e3\",\"Name\":\"kruise-daemon-win19-idle-9ddfj\",\"Namespace\":\"kruise-system\",\"IPs\":null,\"ContainerStatuses\":[{\"ID\":\"containerd://1d0a8d3af8249ac7d6a1adc1c9d2c401c6b82c6080f2114a92cfdfcc65a14d89\",\"Name\":\"daemon\",\"State\":\"running\",\"CreatedAt\":\"2025-02-07T00:42:42.2693269Z\",\"StartedAt\":\"2025-02-07T00:43:00.103364Z\",\"FinishedAt\":\"0001-01-01T00:00:00Z\",\"ExitCode\":0,\"Image\":\"mcr.microsoft.com/windows/servercore:ltsc2019\",\"ImageID\":\"mcr.microsoft.com/windows/servercore@sha256:fb07dd14e84db4b84909be0a989597c31e28e199e7f47964fce763623d68e5d9\",\"Hash\":959189849,\"HashWithoutResources\":0,\"RestartCount\":5,\"Reason\":\"\",\"Message\":\"\",\"Resources\":null},{\"ID\":\"containerd://6bdea155d873db48aeefc34709ebc23aacef9464d8d96b7c391fbe960ef3e7b0\",\"Name\":\"daemon\",\"State\":\"exited\",\"CreatedAt\":\"2025-02-07T00:40:28.4886829Z\",\"StartedAt\":\"2025-02-07T00:40:46.5159845Z\",\"FinishedAt\":\"2025-02-07T00:41:53.0247974Z\",\"ExitCode\":-1073741510,\"Image\":\"mcr.microsoft.com/windows/servercore:ltsc2019\",\"ImageID\":\"mcr.microsoft.com/windows/servercore@sha256:fb07dd14e84db4b84909be0a989597c31e28e199e7f47964fce763623d68e5d9\",\"Hash\":959189849,\"HashWithoutResources\":0,\"RestartCount\":4,\"Reason\":\"Error\",\"Message\":\"\",\"Resources\":null}],\"SandboxStatuses\":null,\"TimeStamp\":\"0001-01-01T00:00:00Z\"}"
I0207 00:43:17.443545    7744 crr_daemon_controller.go:388] "CRR patch containerRecreateStates" namespace="kruise-system" name="ccr-test-win19-idle-9ddfj-3" states="[{\"name\":\"daemon\",\"phase\":\"Succeeded\",\"isKilled\":true}]"
I0207 00:43:17.454613    7744 crr_daemon_controller.go:243] "Finished syncing" namespace="kruise-system" name="ccr-test-win19-idle-9ddfj-3"
I0207 00:43:17.454613    7744 crr_daemon_controller.go:238] "Start syncing" namespace="kruise-system" name="ccr-test-win19-idle-9ddfj-3"
I0207 00:43:17.455908    7744 labels.go:149] "Container doesn't have a specific label, it may be an old or invalid container" label="io.kubernetes.container.hashWithoutResources"
I0207 00:43:17.455908    7744 labels.go:149] "Container doesn't have a specific label, it may be an old or invalid container" label="io.kubernetes.container.hashWithoutResources"
I0207 00:43:17.455908    7744 crr_daemon_controller.go:320] "CRR for Pod GetPodStatus" namespace="kruise-system" name="ccr-test-win19-idle-9ddfj-3" podName="kruise-daemon-win19-idle-9ddfj" podStatus="{\"ID\":\"990fd51d-6385-434d-9020-9ed14898a2e3\",\"Name\":\"kruise-daemon-win19-idle-9ddfj\",\"Namespace\":\"kruise-system\",\"IPs\":null,\"ContainerStatuses\":[{\"ID\":\"containerd://1d0a8d3af8249ac7d6a1adc1c9d2c401c6b82c6080f2114a92cfdfcc65a14d89\",\"Name\":\"daemon\",\"State\":\"running\",\"CreatedAt\":\"2025-02-07T00:42:42.2693269Z\",\"StartedAt\":\"2025-02-07T00:43:00.103364Z\",\"FinishedAt\":\"0001-01-01T00:00:00Z\",\"ExitCode\":0,\"Image\":\"mcr.microsoft.com/windows/servercore:ltsc2019\",\"ImageID\":\"mcr.microsoft.com/windows/servercore@sha256:fb07dd14e84db4b84909be0a989597c31e28e199e7f47964fce763623d68e5d9\",\"Hash\":959189849,\"HashWithoutResources\":0,\"RestartCount\":5,\"Reason\":\"\",\"Message\":\"\",\"Resources\":null},{\"ID\":\"containerd://6bdea155d873db48aeefc34709ebc23aacef9464d8d96b7c391fbe960ef3e7b0\",\"Name\":\"daemon\",\"State\":\"exited\",\"CreatedAt\":\"2025-02-07T00:40:28.4886829Z\",\"StartedAt\":\"2025-02-07T00:40:46.5159845Z\",\"FinishedAt\":\"2025-02-07T00:41:53.0247974Z\",\"ExitCode\":-1073741510,\"Image\":\"mcr.microsoft.com/windows/servercore:ltsc2019\",\"ImageID\":\"mcr.microsoft.com/windows/servercore@sha256:fb07dd14e84db4b84909be0a989597c31e28e199e7f47964fce763623d68e5d9\",\"Hash\":959189849,\"HashWithoutResources\":0,\"RestartCount\":4,\"Reason\":\"Error\",\"Message\":\"\",\"Resources\":null}],\"SandboxStatuses\":null,\"TimeStamp\":\"0001-01-01T00:00:00Z\"}"
I0207 00:43:17.463894    7744 crr_daemon_controller.go:243] "Finished syncing" namespace="kruise-system" name="ccr-test-win19-idle-9ddfj-3"
I0207 00:43:37.727490    7744 reflector.go:790] pkg/mod/k8s.io/client-go@v0.28.9/tools/cache/reflector.go:229: Watch close - *v1alpha1.NodePodProbe total 2 items received